running egg_info
creating build/dual_arm_simulation/dual_arm_simulation.egg-info
writing build/dual_arm_simulation/dual_arm_simulation.egg-info/PKG-INFO
writing dependency_links to build/dual_arm_simulation/dual_arm_simulation.egg-info/dependency_links.txt
writing entry points to build/dual_arm_simulation/dual_arm_simulation.egg-info/entry_points.txt
writing requirements to build/dual_arm_simulation/dual_arm_simulation.egg-info/requires.txt
writing top-level names to build/dual_arm_simulation/dual_arm_simulation.egg-info/top_level.txt
writing manifest file 'build/dual_arm_simulation/dual_arm_simulation.egg-info/SOURCES.txt'
reading manifest file 'build/dual_arm_simulation/dual_arm_simulation.egg-info/SOURCES.txt'
writing manifest file 'build/dual_arm_simulation/dual_arm_simulation.egg-info/SOURCES.txt'
running build
running build_py
creating /root/ROS/Group_3_2026/ros2_lab_ws/src/dual_arm_simulation/build/dual_arm_simulation/build
creating /root/ROS/Group_3_2026/ros2_lab_ws/src/dual_arm_simulation/build/dual_arm_simulation/build/lib
creating /root/ROS/Group_3_2026/ros2_lab_ws/src/dual_arm_simulation/build/dual_arm_simulation/build/lib/dual_arm_simulation_node
copying dual_arm_simulation_node/__init__.py -> /root/ROS/Group_3_2026/ros2_lab_ws/src/dual_arm_simulation/build/dual_arm_simulation/build/lib/dual_arm_simulation_node
creating /root/ROS/Group_3_2026/ros2_lab_ws/src/dual_arm_simulation/build/dual_arm_simulation/build/lib/dual_arm_simulation
copying dual_arm_simulation/__init__.py -> /root/ROS/Group_3_2026/ros2_lab_ws/src/dual_arm_simulation/build/dual_arm_simulation/build/lib/dual_arm_simulation
copying dual_arm_simulation/dual_arm_sim_node.py -> /root/ROS/Group_3_2026/ros2_lab_ws/src/dual_arm_simulation/build/dual_arm_simulation/build/lib/dual_arm_simulation
copying dual_arm_simulation/mujuco_pinnochio_test.py -> /root/ROS/Group_3_2026/ros2_lab_ws/src/dual_arm_simulation/build/dual_arm_simulation/build/lib/dual_arm_simulation
running install
running install_lib
creating /root/ROS/Group_3_2026/ros2_lab_ws/src/dual_arm_simulation/install/dual_arm_simulation/lib/python3.10/site-packages/dual_arm_simulation_node
copying /root/ROS/Group_3_2026/ros2_lab_ws/src/dual_arm_simulation/build/dual_arm_simulation/build/lib/dual_arm_simulation_node/__init__.py -> /root/ROS/Group_3_2026/ros2_lab_ws/src/dual_arm_simulation/install/dual_arm_simulation/lib/python3.10/site-packages/dual_arm_simulation_node
creating /root/ROS/Group_3_2026/ros2_lab_ws/src/dual_arm_simulation/install/dual_arm_simulation/lib/python3.10/site-packages/dual_arm_simulation
copying /root/ROS/Group_3_2026/ros2_lab_ws/src/dual_arm_simulation/build/dual_arm_simulation/build/lib/dual_arm_simulation/__init__.py -> /root/ROS/Group_3_2026/ros2_lab_ws/src/dual_arm_simulation/install/dual_arm_simulation/lib/python3.10/site-packages/dual_arm_simulation
copying /root/ROS/Group_3_2026/ros2_lab_ws/src/dual_arm_simulation/build/dual_arm_simulation/build/lib/dual_arm_simulation/dual_arm_sim_node.py -> /root/ROS/Group_3_2026/ros2_lab_ws/src/dual_arm_simulation/install/dual_arm_simulation/lib/python3.10/site-packages/dual_arm_simulation
copying /root/ROS/Group_3_2026/ros2_lab_ws/src/dual_arm_simulation/build/dual_arm_simulation/build/lib/dual_arm_simulation/mujuco_pinnochio_test.py -> /root/ROS/Group_3_2026/ros2_lab_ws/src/dual_arm_simulation/install/dual_arm_simulation/lib/python3.10/site-packages/dual_arm_simulation
byte-compiling /root/ROS/Group_3_2026/ros2_lab_ws/src/dual_arm_simulation/install/dual_arm_simulation/lib/python3.10/site-packages/dual_arm_simulation_node/__init__.py to __init__.cpython-310.pyc
byte-compiling /root/ROS/Group_3_2026/ros2_lab_ws/src/dual_arm_simulation/install/dual_arm_simulation/lib/python3.10/site-packages/dual_arm_simulation/__init__.py to __init__.cpython-310.pyc
byte-compiling /root/ROS/Group_3_2026/ros2_lab_ws/src/dual_arm_simulation/install/dual_arm_simulation/lib/python3.10/site-packages/dual_arm_simulation/dual_arm_sim_node.py to dual_arm_sim_node.cpython-310.pyc
byte-compiling /root/ROS/Group_3_2026/ros2_lab_ws/src/dual_arm_simulation/install/dual_arm_simulation/lib/python3.10/site-packages/dual_arm_simulation/mujuco_pinnochio_test.py to mujuco_pinnochio_test.cpython-310.pyc
running install_data
creating /root/ROS/Group_3_2026/ros2_lab_ws/src/dual_arm_simulation/install/dual_arm_simulation/share/ament_index
creating /root/ROS/Group_3_2026/ros2_lab_ws/src/dual_arm_simulation/install/dual_arm_simulation/share/ament_index/resource_index
creating /root/ROS/Group_3_2026/ros2_lab_ws/src/dual_arm_simulation/install/dual_arm_simulation/share/ament_index/resource_index/packages
copying resource/dual_arm_simulation -> /root/ROS/Group_3_2026/ros2_lab_ws/src/dual_arm_simulation/install/dual_arm_simulation/share/ament_index/resource_index/packages
copying package.xml -> /root/ROS/Group_3_2026/ros2_lab_ws/src/dual_arm_simulation/install/dual_arm_simulation/share/dual_arm_simulation
creating /root/ROS/Group_3_2026/ros2_lab_ws/src/dual_arm_simulation/install/dual_arm_simulation/share/dual_arm_simulation/launch
copying launch/dual_arm_teleop.launch.py -> /root/ROS/Group_3_2026/ros2_lab_ws/src/dual_arm_simulation/install/dual_arm_simulation/share/dual_arm_simulation/launch
creating /root/ROS/Group_3_2026/ros2_lab_ws/src/dual_arm_simulation/install/dual_arm_simulation/share/dual_arm_simulation/mujoco_menagerie
copying mujoco_menagerie/CONTRIBUTORS.md -> /root/ROS/Group_3_2026/ros2_lab_ws/src/dual_arm_simulation/install/dual_arm_simulation/share/dual_arm_simulation/mujoco_menagerie
copying mujoco_menagerie/LICENSE -> /root/ROS/Group_3_2026/ros2_lab_ws/src/dual_arm_simulation/install/dual_arm_simulation/share/dual_arm_simulation/mujoco_menagerie
copying mujoco_menagerie/CONTRIBUTING.md -> /root/ROS/Group_3_2026/ros2_lab_ws/src/dual_arm_simulation/install/dual_arm_simulation/share/dual_arm_simulation/mujoco_menagerie
copying mujoco_menagerie/generate_gallery.py -> /root/ROS/Group_3_2026/ros2_lab_ws/src/dual_arm_simulation/install/dual_arm_simulation/share/dual_arm_simulation/mujoco_menagerie
copying mujoco_menagerie/CITATION.cff -> /root/ROS/Group_3_2026/ros2_lab_ws/src/dual_arm_simulation/install/dual_arm_simulation/share/dual_arm_simulation/mujoco_menagerie
copying mujoco_menagerie/tutorial.ipynb -> /root/ROS/Group_3_2026/ros2_lab_ws/src/dual_arm_simulation/install/dual_arm_simulation/share/dual_arm_simulation/mujoco_menagerie
copying mujoco_menagerie/CHANGELOG.md -> /root/ROS/Group_3_2026/ros2_lab_ws/src/dual_arm_simulation/install/dual_arm_simulation/share/dual_arm_simulation/mujoco_menagerie
copying mujoco_menagerie/FAQ.md -> /root/ROS/Group_3_2026/ros2_lab_ws/src/dual_arm_simulation/install/dual_arm_simulation/share/dual_arm_simulation/mujoco_menagerie
copying mujoco_menagerie/README.md -> /root/ROS/Group_3_2026/ros2_lab_ws/src/dual_arm_simulation/install/dual_arm_simulation/share/dual_arm_simulation/mujoco_menagerie
creating /root/ROS/Group_3_2026/ros2_lab_ws/src/dual_arm_simulation/install/dual_arm_simulation/share/dual_arm_simulation/mujoco_menagerie/franka_emika_panda
copying mujoco_menagerie/franka_emika_panda/panda_right.xml -> /root/ROS/Group_3_2026/ros2_lab_ws/src/dual_arm_simulation/install/dual_arm_simulation/share/dual_arm_simulation/mujoco_menagerie/franka_emika_panda
copying mujoco_menagerie/franka_emika_panda/LICENSE -> /root/ROS/Group_3_2026/ros2_lab_ws/src/dual_arm_simulation/install/dual_arm_simulation/share/dual_arm_simulation/mujoco_menagerie/franka_emika_panda
copying mujoco_menagerie/franka_emika_panda/hand.xml -> /root/ROS/Group_3_2026/ros2_lab_ws/src/dual_arm_simulation/install/dual_arm_simulation/share/dual_arm_simulation/mujoco_menagerie/franka_emika_panda
copying mujoco_menagerie/franka_emika_panda/dual_arm_scene.xml -> /root/ROS/Group_3_2026/ros2_lab_ws/src/dual_arm_simulation/install/dual_arm_simulation/share/dual_arm_simulation/mujoco_menagerie/franka_emika_panda
copying mujoco_menagerie/franka_emika_panda/mjx_single_cube.xml -> /root/ROS/Group_3_2026/ros2_lab_ws/src/dual_arm_simulation/install/dual_arm_simulation/share/dual_arm_simulation/mujoco_menagerie/franka_emika_panda
copying mujoco_menagerie/franka_emika_panda/mjx_panda.xml -> /root/ROS/Group_3_2026/ros2_lab_ws/src/dual_arm_simulation/install/dual_arm_simulation/share/dual_arm_simulation/mujoco_menagerie/franka_emika_panda
copying mujoco_menagerie/franka_emika_panda/mjx_hand.xml -> /root/ROS/Group_3_2026/ros2_lab_ws/src/dual_arm_simulation/install/dual_arm_simulation/share/dual_arm_simulation/mujoco_menagerie/franka_emika_panda
copying mujoco_menagerie/franka_emika_panda/panda.png -> /root/ROS/Group_3_2026/ros2_lab_ws/src/dual_arm_simulation/install/dual_arm_simulation/share/dual_arm_simulation/mujoco_menagerie/franka_emika_panda
copying mujoco_menagerie/franka_emika_panda/mjx_panda_nohand.xml -> /root/ROS/Group_3_2026/ros2_lab_ws/src/dual_arm_simulation/install/dual_arm_simulation/share/dual_arm_simulation/mujoco_menagerie/franka_emika_panda
copying mujoco_menagerie/franka_emika_panda/panda_left.xml -> /root/ROS/Group_3_2026/ros2_lab_ws/src/dual_arm_simulation/install/dual_arm_simulation/share/dual_arm_simulation/mujoco_menagerie/franka_emika_panda
copying mujoco_menagerie/franka_emika_panda/CHANGELOG.md -> /root/ROS/Group_3_2026/ros2_lab_ws/src/dual_arm_simulation/install/dual_arm_simulation/share/dual_arm_simulation/mujoco_menagerie/franka_emika_panda
copying mujoco_menagerie/franka_emika_panda/panda_nohand.xml -> /root/ROS/Group_3_2026/ros2_lab_ws/src/dual_arm_simulation/install/dual_arm_simulation/share/dual_arm_simulation/mujoco_menagerie/franka_emika_panda
copying mujoco_menagerie/franka_emika_panda/mjx_scene.xml -> /root/ROS/Group_3_2026/ros2_lab_ws/src/dual_arm_simulation/install/dual_arm_simulation/share/dual_arm_simulation/mujoco_menagerie/franka_emika_panda
copying mujoco_menagerie/franka_emika_panda/scene.xml -> /root/ROS/Group_3_2026/ros2_lab_ws/src/dual_arm_simulation/install/dual_arm_simulation/share/dual_arm_simulation/mujoco_menagerie/franka_emika_panda
copying mujoco_menagerie/franka_emika_panda/panda.xml -> /root/ROS/Group_3_2026/ros2_lab_ws/src/dual_arm_simulation/install/dual_arm_simulation/share/dual_arm_simulation/mujoco_menagerie/franka_emika_panda
copying mujoco_menagerie/franka_emika_panda/README.md -> /root/ROS/Group_3_2026/ros2_lab_ws/src/dual_arm_simulation/install/dual_arm_simulation/share/dual_arm_simulation/mujoco_menagerie/franka_emika_panda
creating /root/ROS/Group_3_2026/ros2_lab_ws/src/dual_arm_simulation/install/dual_arm_simulation/share/dual_arm_simulation/mujoco_menagerie/franka_emika_panda/assets
copying mujoco_menagerie/franka_emika_panda/assets/link3_3.obj -> /root/ROS/Group_3_2026/ros2_lab_ws/src/dual_arm_simulation/install/dual_arm_simulation/share/dual_arm_simulation/mujoco_menagerie/franka_emika_panda/assets
copying mujoco_menagerie/franka_emika_panda/assets/link6.stl -> /root/ROS/Group_3_2026/ros2_lab_ws/src/dual_arm_simulation/install/dual_arm_simulation/share/dual_arm_simulation/mujoco_menagerie/franka_emika_panda/assets
copying mujoco_menagerie/franka_emika_panda/assets/link0_4.obj -> /root/ROS/Group_3_2026/ros2_lab_ws/src/dual_arm_simulation/install/dual_arm_simulation/share/dual_arm_simulation/mujoco_menagerie/franka_emika_panda/assets
copying mujoco_menagerie/franka_emika_panda/assets/link7_5.obj -> /root/ROS/Group_3_2026/ros2_lab_ws/src/dual_arm_simulation/install/dual_arm_simulation/share/dual_arm_simulation/mujoco_menagerie/franka_emika_panda/assets
copying mujoco_menagerie/franka_emika_panda/assets/link0_7.obj -> /root/ROS/Group_3_2026/ros2_lab_ws/src/dual_arm_simulation/install/dual_arm_simulation/share/dual_arm_simulation/mujoco_menagerie/franka_emika_panda/assets
copying mujoco_menagerie/franka_emika_panda/assets/hand_0.obj -> /root/ROS/Group_3_2026/ros2_lab_ws/src/dual_arm_simulation/install/dual_arm_simulation/share/dual_arm_simulation/mujoco_menagerie/franka_emika_panda/assets
copying mujoco_menagerie/franka_emika_panda/assets/link0_11.obj -> /root/ROS/Group_3_2026/ros2_lab_ws/src/dual_arm_simulation/install/dual_arm_simulation/share/dual_arm_simulation/mujoco_menagerie/franka_emika_panda/assets
copying mujoco_menagerie/franka_emika_panda/assets/link6_6.obj -> /root/ROS/Group_3_2026/ros2_lab_ws/src/dual_arm_simulation/install/dual_arm_simulation/share/dual_arm_simulation/mujoco_menagerie/franka_emika_panda/assets
copying mujoco_menagerie/franka_emika_panda/assets/link5_collision_2.obj -> /root/ROS/Group_3_2026/ros2_lab_ws/src/dual_arm_simulation/install/dual_arm_simulation/share/dual_arm_simulation/mujoco_menagerie/franka_emika_panda/assets
copying mujoco_menagerie/franka_emika_panda/assets/link0_8.obj -> /root/ROS/Group_3_2026/ros2_lab_ws/src/dual_arm_simulation/install/dual_arm_simulation/share/dual_arm_simulation/mujoco_menagerie/franka_emika_panda/assets
copying mujoco_menagerie/franka_emika_panda/assets/link7_3.obj -> /root/ROS/Group_3_2026/ros2_lab_ws/src/dual_arm_simulation/install/dual_arm_simulation/share/dual_arm_simulation/mujoco_menagerie/franka_emika_panda/assets
copying mujoco_menagerie/franka_emika_panda/assets/link6_11.obj -> /root/ROS/Group_3_2026/ros2_lab_ws/src/dual_arm_simulation/install/dual_arm_simulation/share/dual_arm_simulation/mujoco_menagerie/franka_emika_panda/assets
copying mujoco_menagerie/franka_emika_panda/assets/link6_13.obj -> /root/ROS/Group_3_2026/ros2_lab_ws/src/dual_arm_simulation/install/dual_arm_simulation/share/dual_arm_simulation/mujoco_menagerie/franka_emika_panda/assets
copying mujoco_menagerie/franka_emika_panda/assets/link6_4.obj -> /root/ROS/Group_3_2026/ros2_lab_ws/src/dual_arm_simulation/install/dual_arm_simulation/share/dual_arm_simulation/mujoco_menagerie/franka_emika_panda/assets
copying mujoco_menagerie/franka_emika_panda/assets/link2.obj -> /root/ROS/Group_3_2026/ros2_lab_ws/src/dual_arm_simulation/install/dual_arm_simulation/share/dual_arm_simulation/mujoco_menagerie/franka_emika_panda/assets
copying mujoco_menagerie/franka_emika_panda/assets/link1.obj -> /root/ROS/Group_3_2026/ros2_lab_ws/src/dual_arm_simulation/install/dual_arm_simulation/share/dual_arm_simulation/mujoco_menagerie/franka_emika_panda/assets
copying mujoco_menagerie/franka_emika_panda/assets/link7_1.obj -> /root/ROS/Group_3_2026/ros2_lab_ws/src/dual_arm_simulation/install/dual_arm_simulation/share/dual_arm_simulation/mujoco_menagerie/franka_emika_panda/assets
copying mujoco_menagerie/franka_emika_panda/assets/hand_1.obj -> /root/ROS/Group_3_2026/ros2_lab_ws/src/dual_arm_simulation/install/dual_arm_simulation/share/dual_arm_simulation/mujoco_menagerie/franka_emika_panda/assets
copying mujoco_menagerie/franka_emika_panda/assets/link0.stl -> /root/ROS/Group_3_2026/ros2_lab_ws/src/dual_arm_simulation/install/dual_arm_simulation/share/dual_arm_simulation/mujoco_menagerie/franka_emika_panda/assets
copying mujoco_menagerie/franka_emika_panda/assets/link7_7.obj -> /root/ROS/Group_3_2026/ros2_lab_ws/src/dual_arm_simulation/install/dual_arm_simulation/share/dual_arm_simulation/mujoco_menagerie/franka_emika_panda/assets
copying mujoco_menagerie/franka_emika_panda/assets/link0_3.obj -> /root/ROS/Group_3_2026/ros2_lab_ws/src/dual_arm_simulation/install/dual_arm_simulation/share/dual_arm_simulation/mujoco_menagerie/franka_emika_panda/assets
copying mujoco_menagerie/franka_emika_panda/assets/link5_1.obj -> /root/ROS/Group_3_2026/ros2_lab_ws/src/dual_arm_simulation/install/dual_arm_simulation/share/dual_arm_simulation/mujoco_menagerie/franka_emika_panda/assets
copying mujoco_menagerie/franka_emika_panda/assets/link0_1.obj -> /root/ROS/Group_3_2026/ros2_lab_ws/src/dual_arm_simulation/install/dual_arm_simulation/share/dual_arm_simulation/mujoco_menagerie/franka_emika_panda/assets
copying mujoco_menagerie/franka_emika_panda/assets/link6_0.obj -> /root/ROS/Group_3_2026/ros2_lab_ws/src/dual_arm_simulation/install/dual_arm_simulation/share/dual_arm_simulation/mujoco_menagerie/franka_emika_panda/assets
copying mujoco_menagerie/franka_emika_panda/assets/finger_1.obj -> /root/ROS/Group_3_2026/ros2_lab_ws/src/dual_arm_simulation/install/dual_arm_simulation/share/dual_arm_simulation/mujoco_menagerie/franka_emika_panda/assets
copying mujoco_menagerie/franka_emika_panda/assets/link4_0.obj -> /root/ROS/Group_3_2026/ros2_lab_ws/src/dual_arm_simulation/install/dual_arm_simulation/share/dual_arm_simulation/mujoco_menagerie/franka_emika_panda/assets
copying mujoco_menagerie/franka_emika_panda/assets/link7_2.obj -> /root/ROS/Group_3_2026/ros2_lab_ws/src/dual_arm_simulation/install/dual_arm_simulation/share/dual_arm_simulation/mujoco_menagerie/franka_emika_panda/assets
copying mujoco_menagerie/franka_emika_panda/assets/link1.stl -> /root/ROS/Group_3_2026/ros2_lab_ws/src/dual_arm_simulation/install/dual_arm_simulation/share/dual_arm_simulation/mujoco_menagerie/franka_emika_panda/assets
copying mujoco_menagerie/franka_emika_panda/assets/link6_9.obj -> /root/ROS/Group_3_2026/ros2_lab_ws/src/dual_arm_simulation/install/dual_arm_simulation/share/dual_arm_simulation/mujoco_menagerie/franka_emika_panda/assets
copying mujoco_menagerie/franka_emika_panda/assets/link4_1.obj -> /root/ROS/Group_3_2026/ros2_lab_ws/src/dual_arm_simulation/install/dual_arm_simulation/share/dual_arm_simulation/mujoco_menagerie/franka_emika_panda/assets
copying mujoco_menagerie/franka_emika_panda/assets/hand_2.obj -> /root/ROS/Group_3_2026/ros2_lab_ws/src/dual_arm_simulation/install/dual_arm_simulation/share/dual_arm_simulation/mujoco_menagerie/franka_emika_panda/assets
copying mujoco_menagerie/franka_emika_panda/assets/link0_10.obj -> /root/ROS/Group_3_2026/ros2_lab_ws/src/dual_arm_simulation/install/dual_arm_simulation/share/dual_arm_simulation/mujoco_menagerie/franka_emika_panda/assets
copying mujoco_menagerie/franka_emika_panda/assets/link6_2.obj -> /root/ROS/Group_3_2026/ros2_lab_ws/src/dual_arm_simulation/install/dual_arm_simulation/share/dual_arm_simulation/mujoco_menagerie/franka_emika_panda/assets
copying mujoco_menagerie/franka_emika_panda/assets/link5_2.obj -> /root/ROS/Group_3_2026/ros2_lab_ws/src/dual_arm_simulation/install/dual_arm_simulation/share/dual_arm_simulation/mujoco_menagerie/franka_emika_panda/assets
copying mujoco_menagerie/franka_emika_panda/assets/link4_2.obj -> /root/ROS/Group_3_2026/ros2_lab_ws/src/dual_arm_simulation/install/dual_arm_simulation/share/dual_arm_simulation/mujoco_menagerie/franka_emika_panda/assets
copying mujoco_menagerie/franka_emika_panda/assets/link5_collision_1.obj -> /root/ROS/Group_3_2026/ros2_lab_ws/src/dual_arm_simulation/install/dual_arm_simulation/share/dual_arm_simulation/mujoco_menagerie/franka_emika_panda/assets
copying mujoco_menagerie/franka_emika_panda/assets/link6_14.obj -> /root/ROS/Group_3_2026/ros2_lab_ws/src/dual_arm_simulation/install/dual_arm_simulation/share/dual_arm_simulation/mujoco_menagerie/franka_emika_panda/assets
copying mujoco_menagerie/franka_emika_panda/assets/link6_5.obj -> /root/ROS/Group_3_2026/ros2_lab_ws/src/dual_arm_simulation/install/dual_arm_simulation/share/dual_arm_simulation/mujoco_menagerie/franka_emika_panda/assets
copying mujoco_menagerie/franka_emika_panda/assets/link0_0.obj -> /root/ROS/Group_3_2026/ros2_lab_ws/src/dual_arm_simulation/install/dual_arm_simulation/share/dual_arm_simulation/mujoco_menagerie/franka_emika_panda/assets
copying mujoco_menagerie/franka_emika_panda/assets/link6_7.obj -> /root/ROS/Group_3_2026/ros2_lab_ws/src/dual_arm_simulation/install/dual_arm_simulation/share/dual_arm_simulation/mujoco_menagerie/franka_emika_panda/assets
copying mujoco_menagerie/franka_emika_panda/assets/link7.stl -> /root/ROS/Group_3_2026/ros2_lab_ws/src/dual_arm_simulation/install/dual_arm_simulation/share/dual_arm_simulation/mujoco_menagerie/franka_emika_panda/assets
copying mujoco_menagerie/franka_emika_panda/assets/link5_0.obj -> /root/ROS/Group_3_2026/ros2_lab_ws/src/dual_arm_simulation/install/dual_arm_simulation/share/dual_arm_simulation/mujoco_menagerie/franka_emika_panda/assets
copying mujoco_menagerie/franka_emika_panda/assets/link4_3.obj -> /root/ROS/Group_3_2026/ros2_lab_ws/src/dual_arm_simulation/install/dual_arm_simulation/share/dual_arm_simulation/mujoco_menagerie/franka_emika_panda/assets
copying mujoco_menagerie/franka_emika_panda/assets/link3_1.obj -> /root/ROS/Group_3_2026/ros2_lab_ws/src/dual_arm_simulation/install/dual_arm_simulation/share/dual_arm_simulation/mujoco_menagerie/franka_emika_panda/assets
copying mujoco_menagerie/franka_emika_panda/assets/link3.stl -> /root/ROS/Group_3_2026/ros2_lab_ws/src/dual_arm_simulation/install/dual_arm_simulation/share/dual_arm_simulation/mujoco_menagerie/franka_emika_panda/assets
copying mujoco_menagerie/franka_emika_panda/assets/link6_1.obj -> /root/ROS/Group_3_2026/ros2_lab_ws/src/dual_arm_simulation/install/dual_arm_simulation/share/dual_arm_simulation/mujoco_menagerie/franka_emika_panda/assets
copying mujoco_menagerie/franka_emika_panda/assets/link3_0.obj -> /root/ROS/Group_3_2026/ros2_lab_ws/src/dual_arm_simulation/install/dual_arm_simulation/share/dual_arm_simulation/mujoco_menagerie/franka_emika_panda/assets
copying mujoco_menagerie/franka_emika_panda/assets/link2.stl -> /root/ROS/Group_3_2026/ros2_lab_ws/src/dual_arm_simulation/install/dual_arm_simulation/share/dual_arm_simulation/mujoco_menagerie/franka_emika_panda/assets
copying mujoco_menagerie/franka_emika_panda/assets/finger_0.obj -> /root/ROS/Group_3_2026/ros2_lab_ws/src/dual_arm_simulation/install/dual_arm_simulation/share/dual_arm_simulation/mujoco_menagerie/franka_emika_panda/assets
copying mujoco_menagerie/franka_emika_panda/assets/link3_2.obj -> /root/ROS/Group_3_2026/ros2_lab_ws/src/dual_arm_simulation/install/dual_arm_simulation/share/dual_arm_simulation/mujoco_menagerie/franka_emika_panda/assets
copying mujoco_menagerie/franka_emika_panda/assets/hand_3.obj -> /root/ROS/Group_3_2026/ros2_lab_ws/src/dual_arm_simulation/install/dual_arm_simulation/share/dual_arm_simulation/mujoco_menagerie/franka_emika_panda/assets
copying mujoco_menagerie/franka_emika_panda/assets/link6_10.obj -> /root/ROS/Group_3_2026/ros2_lab_ws/src/dual_arm_simulation/install/dual_arm_simulation/share/dual_arm_simulation/mujoco_menagerie/franka_emika_panda/assets
copying mujoco_menagerie/franka_emika_panda/assets/link6_12.obj -> /root/ROS/Group_3_2026/ros2_lab_ws/src/dual_arm_simulation/install/dual_arm_simulation/share/dual_arm_simulation/mujoco_menagerie/franka_emika_panda/assets
copying mujoco_menagerie/franka_emika_panda/assets/link5_collision_0.obj -> /root/ROS/Group_3_2026/ros2_lab_ws/src/dual_arm_simulation/install/dual_arm_simulation/share/dual_arm_simulation/mujoco_menagerie/franka_emika_panda/assets
copying mujoco_menagerie/franka_emika_panda/assets/hand_4.obj -> /root/ROS/Group_3_2026/ros2_lab_ws/src/dual_arm_simulation/install/dual_arm_simulation/share/dual_arm_simulation/mujoco_menagerie/franka_emika_panda/assets
copying mujoco_menagerie/franka_emika_panda/assets/link0_5.obj -> /root/ROS/Group_3_2026/ros2_lab_ws/src/dual_arm_simulation/install/dual_arm_simulation/share/dual_arm_simulation/mujoco_menagerie/franka_emika_panda/assets
copying mujoco_menagerie/franka_emika_panda/assets/link4.stl -> /root/ROS/Group_3_2026/ros2_lab_ws/src/dual_arm_simulation/install/dual_arm_simulation/share/dual_arm_simulation/mujoco_menagerie/franka_emika_panda/assets
copying mujoco_menagerie/franka_emika_panda/assets/link0_9.obj -> /root/ROS/Group_3_2026/ros2_lab_ws/src/dual_arm_simulation/install/dual_arm_simulation/share/dual_arm_simulation/mujoco_menagerie/franka_emika_panda/assets
copying mujoco_menagerie/franka_emika_panda/assets/hand.stl -> /root/ROS/Group_3_2026/ros2_lab_ws/src/dual_arm_simulation/install/dual_arm_simulation/share/dual_arm_simulation/mujoco_menagerie/franka_emika_panda/assets
copying mujoco_menagerie/franka_emika_panda/assets/link6_15.obj -> /root/ROS/Group_3_2026/ros2_lab_ws/src/dual_arm_simulation/install/dual_arm_simulation/share/dual_arm_simulation/mujoco_menagerie/franka_emika_panda/assets
copying mujoco_menagerie/franka_emika_panda/assets/link6_8.obj -> /root/ROS/Group_3_2026/ros2_lab_ws/src/dual_arm_simulation/install/dual_arm_simulation/share/dual_arm_simulation/mujoco_menagerie/franka_emika_panda/assets
copying mujoco_menagerie/franka_emika_panda/assets/link7_6.obj -> /root/ROS/Group_3_2026/ros2_lab_ws/src/dual_arm_simulation/install/dual_arm_simulation/share/dual_arm_simulation/mujoco_menagerie/franka_emika_panda/assets
copying mujoco_menagerie/franka_emika_panda/assets/link6_3.obj -> /root/ROS/Group_3_2026/ros2_lab_ws/src/dual_arm_simulation/install/dual_arm_simulation/share/dual_arm_simulation/mujoco_menagerie/franka_emika_panda/assets
copying mujoco_menagerie/franka_emika_panda/assets/link6_16.obj -> /root/ROS/Group_3_2026/ros2_lab_ws/src/dual_arm_simulation/install/dual_arm_simulation/share/dual_arm_simulation/mujoco_menagerie/franka_emika_panda/assets
copying mujoco_menagerie/franka_emika_panda/assets/link7_4.obj -> /root/ROS/Group_3_2026/ros2_lab_ws/src/dual_arm_simulation/install/dual_arm_simulation/share/dual_arm_simulation/mujoco_menagerie/franka_emika_panda/assets
copying mujoco_menagerie/franka_emika_panda/assets/link0_2.obj -> /root/ROS/Group_3_2026/ros2_lab_ws/src/dual_arm_simulation/install/dual_arm_simulation/share/dual_arm_simulation/mujoco_menagerie/franka_emika_panda/assets
copying mujoco_menagerie/franka_emika_panda/assets/link7_0.obj -> /root/ROS/Group_3_2026/ros2_lab_ws/src/dual_arm_simulation/install/dual_arm_simulation/share/dual_arm_simulation/mujoco_menagerie/franka_emika_panda/assets
creating /root/ROS/Group_3_2026/ros2_lab_ws/src/dual_arm_simulation/install/dual_arm_simulation/share/dual_arm_simulation/mujoco_menagerie/.git
copying mujoco_menagerie/.git/HEAD -> /root/ROS/Group_3_2026/ros2_lab_ws/src/dual_arm_simulation/install/dual_arm_simulation/share/dual_arm_simulation/mujoco_menagerie/.git
copying mujoco_menagerie/.git/index -> /root/ROS/Group_3_2026/ros2_lab_ws/src/dual_arm_simulation/install/dual_arm_simulation/share/dual_arm_simulation/mujoco_menagerie/.git
copying mujoco_menagerie/.git/config.worktree -> /root/ROS/Group_3_2026/ros2_lab_ws/src/dual_arm_simulation/install/dual_arm_simulation/share/dual_arm_simulation/mujoco_menagerie/.git
copying mujoco_menagerie/.git/config -> /root/ROS/Group_3_2026/ros2_lab_ws/src/dual_arm_simulation/install/dual_arm_simulation/share/dual_arm_simulation/mujoco_menagerie/.git
copying mujoco_menagerie/.git/description -> /root/ROS/Group_3_2026/ros2_lab_ws/src/dual_arm_simulation/install/dual_arm_simulation/share/dual_arm_simulation/mujoco_menagerie/.git
copying mujoco_menagerie/.git/packed-refs -> /root/ROS/Group_3_2026/ros2_lab_ws/src/dual_arm_simulation/install/dual_arm_simulation/share/dual_arm_simulation/mujoco_menagerie/.git
creating /root/ROS/Group_3_2026/ros2_lab_ws/src/dual_arm_simulation/install/dual_arm_simulation/share/dual_arm_simulation/mujoco_menagerie/.git/info
copying mujoco_menagerie/.git/info/sparse-checkout -> /root/ROS/Group_3_2026/ros2_lab_ws/src/dual_arm_simulation/install/dual_arm_simulation/share/dual_arm_simulation/mujoco_menagerie/.git/info
copying mujoco_menagerie/.git/info/refs -> /root/ROS/Group_3_2026/ros2_lab_ws/src/dual_arm_simulation/install/dual_arm_simulation/share/dual_arm_simulation/mujoco_menagerie/.git/info
copying mujoco_menagerie/.git/info/exclude -> /root/ROS/Group_3_2026/ros2_lab_ws/src/dual_arm_simulation/install/dual_arm_simulation/share/dual_arm_simulation/mujoco_menagerie/.git/info
creating /root/ROS/Group_3_2026/ros2_lab_ws/src/dual_arm_simulation/install/dual_arm_simulation/share/dual_arm_simulation/mujoco_menagerie/.git/logs
copying mujoco_menagerie/.git/logs/HEAD -> /root/ROS/Group_3_2026/ros2_lab_ws/src/dual_arm_simulation/install/dual_arm_simulation/share/dual_arm_simulation/mujoco_menagerie/.git/logs
creating /root/ROS/Group_3_2026/ros2_lab_ws/src/dual_arm_simulation/install/dual_arm_simulation/share/dual_arm_simulation/mujoco_menagerie/.git/logs/refs
creating /root/ROS/Group_3_2026/ros2_lab_ws/src/dual_arm_simulation/install/dual_arm_simulation/share/dual_arm_simulation/mujoco_menagerie/.git/logs/refs/heads
copying mujoco_menagerie/.git/logs/refs/heads/main -> /root/ROS/Group_3_2026/ros2_lab_ws/src/dual_arm_simulation/install/dual_arm_simulation/share/dual_arm_simulation/mujoco_menagerie/.git/logs/refs/heads
creating /root/ROS/Group_3_2026/ros2_lab_ws/src/dual_arm_simulation/install/dual_arm_simulation/share/dual_arm_simulation/mujoco_menagerie/.git/logs/refs/remotes
creating /root/ROS/Group_3_2026/ros2_lab_ws/src/dual_arm_simulation/install/dual_arm_simulation/share/dual_arm_simulation/mujoco_menagerie/.git/logs/refs/remotes/origin
copying mujoco_menagerie/.git/logs/refs/remotes/origin/HEAD -> /root/ROS/Group_3_2026/ros2_lab_ws/src/dual_arm_simulation/install/dual_arm_simulation/share/dual_arm_simulation/mujoco_menagerie/.git/logs/refs/remotes/origin
creating /root/ROS/Group_3_2026/ros2_lab_ws/src/dual_arm_simulation/install/dual_arm_simulation/share/dual_arm_simulation/mujoco_menagerie/.git/hooks
copying mujoco_menagerie/.git/hooks/pre-push.sample -> /root/ROS/Group_3_2026/ros2_lab_ws/src/dual_arm_simulation/install/dual_arm_simulation/share/dual_arm_simulation/mujoco_menagerie/.git/hooks
copying mujoco_menagerie/.git/hooks/pre-applypatch.sample -> /root/ROS/Group_3_2026/ros2_lab_ws/src/dual_arm_simulation/install/dual_arm_simulation/share/dual_arm_simulation/mujoco_menagerie/.git/hooks
copying mujoco_menagerie/.git/hooks/update.sample -> /root/ROS/Group_3_2026/ros2_lab_ws/src/dual_arm_simulation/install/dual_arm_simulation/share/dual_arm_simulation/mujoco_menagerie/.git/hooks
copying mujoco_menagerie/.git/hooks/fsmonitor-watchman.sample -> /root/ROS/Group_3_2026/ros2_lab_ws/src/dual_arm_simulation/install/dual_arm_simulation/share/dual_arm_simulation/mujoco_menagerie/.git/hooks
copying mujoco_menagerie/.git/hooks/pre-commit.sample -> /root/ROS/Group_3_2026/ros2_lab_ws/src/dual_arm_simulation/install/dual_arm_simulation/share/dual_arm_simulation/mujoco_menagerie/.git/hooks
copying mujoco_menagerie/.git/hooks/push-to-checkout.sample -> /root/ROS/Group_3_2026/ros2_lab_ws/src/dual_arm_simulation/install/dual_arm_simulation/share/dual_arm_simulation/mujoco_menagerie/.git/hooks
copying mujoco_menagerie/.git/hooks/pre-merge-commit.sample -> /root/ROS/Group_3_2026/ros2_lab_ws/src/dual_arm_simulation/install/dual_arm_simulation/share/dual_arm_simulation/mujoco_menagerie/.git/hooks
copying mujoco_menagerie/.git/hooks/post-update.sample -> /root/ROS/Group_3_2026/ros2_lab_ws/src/dual_arm_simulation/install/dual_arm_simulation/share/dual_arm_simulation/mujoco_menagerie/.git/hooks
copying mujoco_menagerie/.git/hooks/pre-receive.sample -> /root/ROS/Group_3_2026/ros2_lab_ws/src/dual_arm_simulation/install/dual_arm_simulation/share/dual_arm_simulation/mujoco_menagerie/.git/hooks
copying mujoco_menagerie/.git/hooks/pre-rebase.sample -> /root/ROS/Group_3_2026/ros2_lab_ws/src/dual_arm_simulation/install/dual_arm_simulation/share/dual_arm_simulation/mujoco_menagerie/.git/hooks
copying mujoco_menagerie/.git/hooks/prepare-commit-msg.sample -> /root/ROS/Group_3_2026/ros2_lab_ws/src/dual_arm_simulation/install/dual_arm_simulation/share/dual_arm_simulation/mujoco_menagerie/.git/hooks
copying mujoco_menagerie/.git/hooks/commit-msg.sample -> /root/ROS/Group_3_2026/ros2_lab_ws/src/dual_arm_simulation/install/dual_arm_simulation/share/dual_arm_simulation/mujoco_menagerie/.git/hooks
copying mujoco_menagerie/.git/hooks/applypatch-msg.sample -> /root/ROS/Group_3_2026/ros2_lab_ws/src/dual_arm_simulation/install/dual_arm_simulation/share/dual_arm_simulation/mujoco_menagerie/.git/hooks
creating /root/ROS/Group_3_2026/ros2_lab_ws/src/dual_arm_simulation/install/dual_arm_simulation/share/dual_arm_simulation/mujoco_menagerie/.git/objects
creating /root/ROS/Group_3_2026/ros2_lab_ws/src/dual_arm_simulation/install/dual_arm_simulation/share/dual_arm_simulation/mujoco_menagerie/.git/objects/info
copying mujoco_menagerie/.git/objects/info/packs -> /root/ROS/Group_3_2026/ros2_lab_ws/src/dual_arm_simulation/install/dual_arm_simulation/share/dual_arm_simulation/mujoco_menagerie/.git/objects/info
copying mujoco_menagerie/.git/objects/info/commit-graph -> /root/ROS/Group_3_2026/ros2_lab_ws/src/dual_arm_simulation/install/dual_arm_simulation/share/dual_arm_simulation/mujoco_menagerie/.git/objects/info
creating /root/ROS/Group_3_2026/ros2_lab_ws/src/dual_arm_simulation/install/dual_arm_simulation/share/dual_arm_simulation/mujoco_menagerie/.git/objects/pack
copying mujoco_menagerie/.git/objects/pack/pack-fa440cb1908b644320ba67ed75c46aac1e037b23.idx -> /root/ROS/Group_3_2026/ros2_lab_ws/src/dual_arm_simulation/install/dual_arm_simulation/share/dual_arm_simulation/mujoco_menagerie/.git/objects/pack
copying mujoco_menagerie/.git/objects/pack/pack-8a5dbd248800582a110d353d76ffdafd30f586f2.pack -> /root/ROS/Group_3_2026/ros2_lab_ws/src/dual_arm_simulation/install/dual_arm_simulation/share/dual_arm_simulation/mujoco_menagerie/.git/objects/pack
copying mujoco_menagerie/.git/objects/pack/pack-4768e4d68916ed6041416a854a950d114995554f.promisor -> /root/ROS/Group_3_2026/ros2_lab_ws/src/dual_arm_simulation/install/dual_arm_simulation/share/dual_arm_simulation/mujoco_menagerie/.git/objects/pack
copying mujoco_menagerie/.git/objects/pack/pack-8a5dbd248800582a110d353d76ffdafd30f586f2.idx -> /root/ROS/Group_3_2026/ros2_lab_ws/src/dual_arm_simulation/install/dual_arm_simulation/share/dual_arm_simulation/mujoco_menagerie/.git/objects/pack
copying mujoco_menagerie/.git/objects/pack/pack-36204b9b186247ed4a4057c3d7357857e5b67a1e.pack -> /root/ROS/Group_3_2026/ros2_lab_ws/src/dual_arm_simulation/install/dual_arm_simulation/share/dual_arm_simulation/mujoco_menagerie/.git/objects/pack
copying mujoco_menagerie/.git/objects/pack/pack-98aab75097ce3a03ad30c33e3f3987f7b4637aaf.pack -> /root/ROS/Group_3_2026/ros2_lab_ws/src/dual_arm_simulation/install/dual_arm_simulation/share/dual_arm_simulation/mujoco_menagerie/.git/objects/pack
copying mujoco_menagerie/.git/objects/pack/pack-36204b9b186247ed4a4057c3d7357857e5b67a1e.promisor -> /root/ROS/Group_3_2026/ros2_lab_ws/src/dual_arm_simulation/install/dual_arm_simulation/share/dual_arm_simulation/mujoco_menagerie/.git/objects/pack
copying mujoco_menagerie/.git/objects/pack/pack-8a5dbd248800582a110d353d76ffdafd30f586f2.promisor -> /root/ROS/Group_3_2026/ros2_lab_ws/src/dual_arm_simulation/install/dual_arm_simulation/share/dual_arm_simulation/mujoco_menagerie/.git/objects/pack
copying mujoco_menagerie/.git/objects/pack/pack-4768e4d68916ed6041416a854a950d114995554f.idx -> /root/ROS/Group_3_2026/ros2_lab_ws/src/dual_arm_simulation/install/dual_arm_simulation/share/dual_arm_simulation/mujoco_menagerie/.git/objects/pack
copying mujoco_menagerie/.git/objects/pack/pack-acb66feb804a9005c232a12b583fbc0fad7122b4.promisor -> /root/ROS/Group_3_2026/ros2_lab_ws/src/dual_arm_simulation/install/dual_arm_simulation/share/dual_arm_simulation/mujoco_menagerie/.git/objects/pack
copying mujoco_menagerie/.git/objects/pack/pack-4768e4d68916ed6041416a854a950d114995554f.pack -> /root/ROS/Group_3_2026/ros2_lab_ws/src/dual_arm_simulation/install/dual_arm_simulation/share/dual_arm_simulation/mujoco_menagerie/.git/objects/pack
copying mujoco_menagerie/.git/objects/pack/pack-98aab75097ce3a03ad30c33e3f3987f7b4637aaf.promisor -> /root/ROS/Group_3_2026/ros2_lab_ws/src/dual_arm_simulation/install/dual_arm_simulation/share/dual_arm_simulation/mujoco_menagerie/.git/objects/pack
copying mujoco_menagerie/.git/objects/pack/pack-fa440cb1908b644320ba67ed75c46aac1e037b23.promisor -> /root/ROS/Group_3_2026/ros2_lab_ws/src/dual_arm_simulation/install/dual_arm_simulation/share/dual_arm_simulation/mujoco_menagerie/.git/objects/pack
copying mujoco_menagerie/.git/objects/pack/pack-acb66feb804a9005c232a12b583fbc0fad7122b4.pack -> /root/ROS/Group_3_2026/ros2_lab_ws/src/dual_arm_simulation/install/dual_arm_simulation/share/dual_arm_simulation/mujoco_menagerie/.git/objects/pack
copying mujoco_menagerie/.git/objects/pack/pack-fa440cb1908b644320ba67ed75c46aac1e037b23.pack -> /root/ROS/Group_3_2026/ros2_lab_ws/src/dual_arm_simulation/install/dual_arm_simulation/share/dual_arm_simulation/mujoco_menagerie/.git/objects/pack
copying mujoco_menagerie/.git/objects/pack/pack-36204b9b186247ed4a4057c3d7357857e5b67a1e.idx -> /root/ROS/Group_3_2026/ros2_lab_ws/src/dual_arm_simulation/install/dual_arm_simulation/share/dual_arm_simulation/mujoco_menagerie/.git/objects/pack
copying mujoco_menagerie/.git/objects/pack/pack-a6c1867b63013b6bdf96b51c41d386bb2102e7ac.promisor -> /root/ROS/Group_3_2026/ros2_lab_ws/src/dual_arm_simulation/install/dual_arm_simulation/share/dual_arm_simulation/mujoco_menagerie/.git/objects/pack
copying mujoco_menagerie/.git/objects/pack/pack-a6c1867b63013b6bdf96b51c41d386bb2102e7ac.pack -> /root/ROS/Group_3_2026/ros2_lab_ws/src/dual_arm_simulation/install/dual_arm_simulation/share/dual_arm_simulation/mujoco_menagerie/.git/objects/pack
copying mujoco_menagerie/.git/objects/pack/pack-acb66feb804a9005c232a12b583fbc0fad7122b4.idx -> /root/ROS/Group_3_2026/ros2_lab_ws/src/dual_arm_simulation/install/dual_arm_simulation/share/dual_arm_simulation/mujoco_menagerie/.git/objects/pack
copying mujoco_menagerie/.git/objects/pack/pack-a6c1867b63013b6bdf96b51c41d386bb2102e7ac.idx -> /root/ROS/Group_3_2026/ros2_lab_ws/src/dual_arm_simulation/install/dual_arm_simulation/share/dual_arm_simulation/mujoco_menagerie/.git/objects/pack
copying mujoco_menagerie/.git/objects/pack/pack-98aab75097ce3a03ad30c33e3f3987f7b4637aaf.idx -> /root/ROS/Group_3_2026/ros2_lab_ws/src/dual_arm_simulation/install/dual_arm_simulation/share/dual_arm_simulation/mujoco_menagerie/.git/objects/pack
creating /root/ROS/Group_3_2026/ros2_lab_ws/src/dual_arm_simulation/install/dual_arm_simulation/share/dual_arm_simulation/mujoco_menagerie/.git/refs
creating /root/ROS/Group_3_2026/ros2_lab_ws/src/dual_arm_simulation/install/dual_arm_simulation/share/dual_arm_simulation/mujoco_menagerie/.git/refs/remotes
creating /root/ROS/Group_3_2026/ros2_lab_ws/src/dual_arm_simulation/install/dual_arm_simulation/share/dual_arm_simulation/mujoco_menagerie/.git/refs/remotes/origin
copying mujoco_menagerie/.git/refs/remotes/origin/HEAD -> /root/ROS/Group_3_2026/ros2_lab_ws/src/dual_arm_simulation/install/dual_arm_simulation/share/dual_arm_simulation/mujoco_menagerie/.git/refs/remotes/origin
creating /root/ROS/Group_3_2026/ros2_lab_ws/src/dual_arm_simulation/install/dual_arm_simulation/share/dual_arm_simulation/mujoco_menagerie/.git/gk
copying mujoco_menagerie/.git/gk/config -> /root/ROS/Group_3_2026/ros2_lab_ws/src/dual_arm_simulation/install/dual_arm_simulation/share/dual_arm_simulation/mujoco_menagerie/.git/gk
running install_egg_info
Copying build/dual_arm_simulation/dual_arm_simulation.egg-info to /root/ROS/Group_3_2026/ros2_lab_ws/src/dual_arm_simulation/install/dual_arm_simulation/lib/python3.10/site-packages/dual_arm_simulation-0.1.0-py3.10.egg-info
running install_scripts
Installing dual_arm_sim_node script to /root/ROS/Group_3_2026/ros2_lab_ws/src/dual_arm_simulation/install/dual_arm_simulation/lib/dual_arm_simulation
writing list of installed files to '/root/ROS/Group_3_2026/ros2_lab_ws/src/dual_arm_simulation/build/dual_arm_simulation/install.log'
