[1.619s] Invoking command in '/root/ROS/Group_3_2026/ros2_lab_ws/src/dual_arm_simulation': PYTHONPATH=/root/ROS/Group_3_2026/ros2_lab_ws/src/dual_arm_simulation/build/dual_arm_simulation/prefix_override:/usr/lib/python3/dist-packages/colcon_core/task/python/colcon_distutils_commands:/root/ROS/Group_3_2026/ros2_lab_ws/src/dual_arm_simulation/install/dual_arm_simulation/lib/python3.10/site-packages:${PYTHONPATH} /usr/bin/python3 -W ignore:setup.py install is deprecated -W ignore:easy_install command is deprecated setup.py egg_info --egg-base build/dual_arm_simulation build --build-base /root/ROS/Group_3_2026/ros2_lab_ws/src/dual_arm_simulation/build/dual_arm_simulation/build install --record /root/ROS/Group_3_2026/ros2_lab_ws/src/dual_arm_simulation/build/dual_arm_simulation/install.log --single-version-externally-managed install_data
[2.641s] running egg_info
[2.642s] creating build/dual_arm_simulation/dual_arm_simulation.egg-info
[2.643s] writing build/dual_arm_simulation/dual_arm_simulation.egg-info/PKG-INFO
[2.644s] writing dependency_links to build/dual_arm_simulation/dual_arm_simulation.egg-info/dependency_links.txt
[2.645s] writing entry points to build/dual_arm_simulation/dual_arm_simulation.egg-info/entry_points.txt
[2.645s] writing requirements to build/dual_arm_simulation/dual_arm_simulation.egg-info/requires.txt
[2.646s] writing top-level names to build/dual_arm_simulation/dual_arm_simulation.egg-info/top_level.txt
[2.647s] writing manifest file 'build/dual_arm_simulation/dual_arm_simulation.egg-info/SOURCES.txt'
[2.656s] reading manifest file 'build/dual_arm_simulation/dual_arm_simulation.egg-info/SOURCES.txt'
[2.660s] writing manifest file 'build/dual_arm_simulation/dual_arm_simulation.egg-info/SOURCES.txt'
[2.661s] running build
[2.661s] running build_py
[2.661s] creating /root/ROS/Group_3_2026/ros2_lab_ws/src/dual_arm_simulation/build/dual_arm_simulation/build
[2.663s] creating /root/ROS/Group_3_2026/ros2_lab_ws/src/dual_arm_simulation/build/dual_arm_simulation/build/lib
[2.664s] creating /root/ROS/Group_3_2026/ros2_lab_ws/src/dual_arm_simulation/build/dual_arm_simulation/build/lib/dual_arm_simulation_node
[2.665s] copying dual_arm_simulation_node/__init__.py -> /root/ROS/Group_3_2026/ros2_lab_ws/src/dual_arm_simulation/build/dual_arm_simulation/build/lib/dual_arm_simulation_node
[2.666s] creating /root/ROS/Group_3_2026/ros2_lab_ws/src/dual_arm_simulation/build/dual_arm_simulation/build/lib/dual_arm_simulation
[2.667s] copying dual_arm_simulation/__init__.py -> /root/ROS/Group_3_2026/ros2_lab_ws/src/dual_arm_simulation/build/dual_arm_simulation/build/lib/dual_arm_simulation
[2.667s] copying dual_arm_simulation/dual_arm_sim_node.py -> /root/ROS/Group_3_2026/ros2_lab_ws/src/dual_arm_simulation/build/dual_arm_simulation/build/lib/dual_arm_simulation
[2.668s] copying dual_arm_simulation/mujuco_pinnochio_test.py -> /root/ROS/Group_3_2026/ros2_lab_ws/src/dual_arm_simulation/build/dual_arm_simulation/build/lib/dual_arm_simulation
[2.669s] running install
[2.670s] running install_lib
[2.672s] creating /root/ROS/Group_3_2026/ros2_lab_ws/src/dual_arm_simulation/install/dual_arm_simulation/lib/python3.10/site-packages/dual_arm_simulation_node
[2.674s] copying /root/ROS/Group_3_2026/ros2_lab_ws/src/dual_arm_simulation/build/dual_arm_simulation/build/lib/dual_arm_simulation_node/__init__.py -> /root/ROS/Group_3_2026/ros2_lab_ws/src/dual_arm_simulation/install/dual_arm_simulation/lib/python3.10/site-packages/dual_arm_simulation_node
[2.674s] creating /root/ROS/Group_3_2026/ros2_lab_ws/src/dual_arm_simulation/install/dual_arm_simulation/lib/python3.10/site-packages/dual_arm_simulation
[2.675s] copying /root/ROS/Group_3_2026/ros2_lab_ws/src/dual_arm_simulation/build/dual_arm_simulation/build/lib/dual_arm_simulation/__init__.py -> /root/ROS/Group_3_2026/ros2_lab_ws/src/dual_arm_simulation/install/dual_arm_simulation/lib/python3.10/site-packages/dual_arm_simulation
[2.676s] copying /root/ROS/Group_3_2026/ros2_lab_ws/src/dual_arm_simulation/build/dual_arm_simulation/build/lib/dual_arm_simulation/dual_arm_sim_node.py -> /root/ROS/Group_3_2026/ros2_lab_ws/src/dual_arm_simulation/install/dual_arm_simulation/lib/python3.10/site-packages/dual_arm_simulation
[2.676s] copying /root/ROS/Group_3_2026/ros2_lab_ws/src/dual_arm_simulation/build/dual_arm_simulation/build/lib/dual_arm_simulation/mujuco_pinnochio_test.py -> /root/ROS/Group_3_2026/ros2_lab_ws/src/dual_arm_simulation/install/dual_arm_simulation/lib/python3.10/site-packages/dual_arm_simulation
[2.678s] byte-compiling /root/ROS/Group_3_2026/ros2_lab_ws/src/dual_arm_simulation/install/dual_arm_simulation/lib/python3.10/site-packages/dual_arm_simulation_node/__init__.py to __init__.cpython-310.pyc
[2.679s] byte-compiling /root/ROS/Group_3_2026/ros2_lab_ws/src/dual_arm_simulation/install/dual_arm_simulation/lib/python3.10/site-packages/dual_arm_simulation/__init__.py to __init__.cpython-310.pyc
[2.681s] byte-compiling /root/ROS/Group_3_2026/ros2_lab_ws/src/dual_arm_simulation/install/dual_arm_simulation/lib/python3.10/site-packages/dual_arm_simulation/dual_arm_sim_node.py to dual_arm_sim_node.cpython-310.pyc
[2.683s] byte-compiling /root/ROS/Group_3_2026/ros2_lab_ws/src/dual_arm_simulation/install/dual_arm_simulation/lib/python3.10/site-packages/dual_arm_simulation/mujuco_pinnochio_test.py to mujuco_pinnochio_test.cpython-310.pyc
[2.686s] running install_data
[2.686s] creating /root/ROS/Group_3_2026/ros2_lab_ws/src/dual_arm_simulation/install/dual_arm_simulation/share/ament_index
[2.688s] creating /root/ROS/Group_3_2026/ros2_lab_ws/src/dual_arm_simulation/install/dual_arm_simulation/share/ament_index/resource_index
[2.688s] creating /root/ROS/Group_3_2026/ros2_lab_ws/src/dual_arm_simulation/install/dual_arm_simulation/share/ament_index/resource_index/packages
[2.690s] copying resource/dual_arm_simulation -> /root/ROS/Group_3_2026/ros2_lab_ws/src/dual_arm_simulation/install/dual_arm_simulation/share/ament_index/resource_index/packages
[2.690s] copying package.xml -> /root/ROS/Group_3_2026/ros2_lab_ws/src/dual_arm_simulation/install/dual_arm_simulation/share/dual_arm_simulation
[2.691s] creating /root/ROS/Group_3_2026/ros2_lab_ws/src/dual_arm_simulation/install/dual_arm_simulation/share/dual_arm_simulation/launch
[2.692s] copying launch/dual_arm_teleop.launch.py -> /root/ROS/Group_3_2026/ros2_lab_ws/src/dual_arm_simulation/install/dual_arm_simulation/share/dual_arm_simulation/launch
[2.692s] creating /root/ROS/Group_3_2026/ros2_lab_ws/src/dual_arm_simulation/install/dual_arm_simulation/share/dual_arm_simulation/mujoco_menagerie
[2.693s] copying mujoco_menagerie/CONTRIBUTORS.md -> /root/ROS/Group_3_2026/ros2_lab_ws/src/dual_arm_simulation/install/dual_arm_simulation/share/dual_arm_simulation/mujoco_menagerie
[2.727s] copying mujoco_menagerie/LICENSE -> /root/ROS/Group_3_2026/ros2_lab_ws/src/dual_arm_simulation/install/dual_arm_simulation/share/dual_arm_simulation/mujoco_menagerie
[2.757s] copying mujoco_menagerie/CONTRIBUTING.md -> /root/ROS/Group_3_2026/ros2_lab_ws/src/dual_arm_simulation/install/dual_arm_simulation/share/dual_arm_simulation/mujoco_menagerie
[2.758s] copying mujoco_menagerie/generate_gallery.py -> /root/ROS/Group_3_2026/ros2_lab_ws/src/dual_arm_simulation/install/dual_arm_simulation/share/dual_arm_simulation/mujoco_menagerie
[2.759s] copying mujoco_menagerie/CITATION.cff -> /root/ROS/Group_3_2026/ros2_lab_ws/src/dual_arm_simulation/install/dual_arm_simulation/share/dual_arm_simulation/mujoco_menagerie
[2.760s] copying mujoco_menagerie/tutorial.ipynb -> /root/ROS/Group_3_2026/ros2_lab_ws/src/dual_arm_simulation/install/dual_arm_simulation/share/dual_arm_simulation/mujoco_menagerie
[2.763s] copying mujoco_menagerie/CHANGELOG.md -> /root/ROS/Group_3_2026/ros2_lab_ws/src/dual_arm_simulation/install/dual_arm_simulation/share/dual_arm_simulation/mujoco_menagerie
[2.764s] copying mujoco_menagerie/FAQ.md -> /root/ROS/Group_3_2026/ros2_lab_ws/src/dual_arm_simulation/install/dual_arm_simulation/share/dual_arm_simulation/mujoco_menagerie
[2.765s] copying mujoco_menagerie/README.md -> /root/ROS/Group_3_2026/ros2_lab_ws/src/dual_arm_simulation/install/dual_arm_simulation/share/dual_arm_simulation/mujoco_menagerie
[2.766s] creating /root/ROS/Group_3_2026/ros2_lab_ws/src/dual_arm_simulation/install/dual_arm_simulation/share/dual_arm_simulation/mujoco_menagerie/franka_emika_panda
[2.768s] copying mujoco_menagerie/franka_emika_panda/panda_right.xml -> /root/ROS/Group_3_2026/ros2_lab_ws/src/dual_arm_simulation/install/dual_arm_simulation/share/dual_arm_simulation/mujoco_menagerie/franka_emika_panda
[2.789s] copying mujoco_menagerie/franka_emika_panda/LICENSE -> /root/ROS/Group_3_2026/ros2_lab_ws/src/dual_arm_simulation/install/dual_arm_simulation/share/dual_arm_simulation/mujoco_menagerie/franka_emika_panda
[2.790s] copying mujoco_menagerie/franka_emika_panda/hand.xml -> /root/ROS/Group_3_2026/ros2_lab_ws/src/dual_arm_simulation/install/dual_arm_simulation/share/dual_arm_simulation/mujoco_menagerie/franka_emika_panda
[2.792s] copying mujoco_menagerie/franka_emika_panda/dual_arm_scene.xml -> /root/ROS/Group_3_2026/ros2_lab_ws/src/dual_arm_simulation/install/dual_arm_simulation/share/dual_arm_simulation/mujoco_menagerie/franka_emika_panda
[2.794s] copying mujoco_menagerie/franka_emika_panda/mjx_single_cube.xml -> /root/ROS/Group_3_2026/ros2_lab_ws/src/dual_arm_simulation/install/dual_arm_simulation/share/dual_arm_simulation/mujoco_menagerie/franka_emika_panda
[2.795s] copying mujoco_menagerie/franka_emika_panda/mjx_panda.xml -> /root/ROS/Group_3_2026/ros2_lab_ws/src/dual_arm_simulation/install/dual_arm_simulation/share/dual_arm_simulation/mujoco_menagerie/franka_emika_panda
[2.796s] copying mujoco_menagerie/franka_emika_panda/mjx_hand.xml -> /root/ROS/Group_3_2026/ros2_lab_ws/src/dual_arm_simulation/install/dual_arm_simulation/share/dual_arm_simulation/mujoco_menagerie/franka_emika_panda
[2.798s] copying mujoco_menagerie/franka_emika_panda/panda.png -> /root/ROS/Group_3_2026/ros2_lab_ws/src/dual_arm_simulation/install/dual_arm_simulation/share/dual_arm_simulation/mujoco_menagerie/franka_emika_panda
[2.823s] copying mujoco_menagerie/franka_emika_panda/mjx_panda_nohand.xml -> /root/ROS/Group_3_2026/ros2_lab_ws/src/dual_arm_simulation/install/dual_arm_simulation/share/dual_arm_simulation/mujoco_menagerie/franka_emika_panda
[2.836s] copying mujoco_menagerie/franka_emika_panda/panda_left.xml -> /root/ROS/Group_3_2026/ros2_lab_ws/src/dual_arm_simulation/install/dual_arm_simulation/share/dual_arm_simulation/mujoco_menagerie/franka_emika_panda
[2.848s] copying mujoco_menagerie/franka_emika_panda/CHANGELOG.md -> /root/ROS/Group_3_2026/ros2_lab_ws/src/dual_arm_simulation/install/dual_arm_simulation/share/dual_arm_simulation/mujoco_menagerie/franka_emika_panda
[2.849s] copying mujoco_menagerie/franka_emika_panda/panda_nohand.xml -> /root/ROS/Group_3_2026/ros2_lab_ws/src/dual_arm_simulation/install/dual_arm_simulation/share/dual_arm_simulation/mujoco_menagerie/franka_emika_panda
[2.851s] copying mujoco_menagerie/franka_emika_panda/mjx_scene.xml -> /root/ROS/Group_3_2026/ros2_lab_ws/src/dual_arm_simulation/install/dual_arm_simulation/share/dual_arm_simulation/mujoco_menagerie/franka_emika_panda
[2.853s] copying mujoco_menagerie/franka_emika_panda/scene.xml -> /root/ROS/Group_3_2026/ros2_lab_ws/src/dual_arm_simulation/install/dual_arm_simulation/share/dual_arm_simulation/mujoco_menagerie/franka_emika_panda
[2.854s] copying mujoco_menagerie/franka_emika_panda/panda.xml -> /root/ROS/Group_3_2026/ros2_lab_ws/src/dual_arm_simulation/install/dual_arm_simulation/share/dual_arm_simulation/mujoco_menagerie/franka_emika_panda
[2.855s] copying mujoco_menagerie/franka_emika_panda/README.md -> /root/ROS/Group_3_2026/ros2_lab_ws/src/dual_arm_simulation/install/dual_arm_simulation/share/dual_arm_simulation/mujoco_menagerie/franka_emika_panda
[2.857s] creating /root/ROS/Group_3_2026/ros2_lab_ws/src/dual_arm_simulation/install/dual_arm_simulation/share/dual_arm_simulation/mujoco_menagerie/franka_emika_panda/assets
[2.860s] copying mujoco_menagerie/franka_emika_panda/assets/link3_3.obj -> /root/ROS/Group_3_2026/ros2_lab_ws/src/dual_arm_simulation/install/dual_arm_simulation/share/dual_arm_simulation/mujoco_menagerie/franka_emika_panda/assets
[2.879s] copying mujoco_menagerie/franka_emika_panda/assets/link6.stl -> /root/ROS/Group_3_2026/ros2_lab_ws/src/dual_arm_simulation/install/dual_arm_simulation/share/dual_arm_simulation/mujoco_menagerie/franka_emika_panda/assets
[2.881s] copying mujoco_menagerie/franka_emika_panda/assets/link0_4.obj -> /root/ROS/Group_3_2026/ros2_lab_ws/src/dual_arm_simulation/install/dual_arm_simulation/share/dual_arm_simulation/mujoco_menagerie/franka_emika_panda/assets
[2.902s] copying mujoco_menagerie/franka_emika_panda/assets/link7_5.obj -> /root/ROS/Group_3_2026/ros2_lab_ws/src/dual_arm_simulation/install/dual_arm_simulation/share/dual_arm_simulation/mujoco_menagerie/franka_emika_panda/assets
[2.925s] copying mujoco_menagerie/franka_emika_panda/assets/link0_7.obj -> /root/ROS/Group_3_2026/ros2_lab_ws/src/dual_arm_simulation/install/dual_arm_simulation/share/dual_arm_simulation/mujoco_menagerie/franka_emika_panda/assets
[2.927s] copying mujoco_menagerie/franka_emika_panda/assets/hand_0.obj -> /root/ROS/Group_3_2026/ros2_lab_ws/src/dual_arm_simulation/install/dual_arm_simulation/share/dual_arm_simulation/mujoco_menagerie/franka_emika_panda/assets
[2.929s] copying mujoco_menagerie/franka_emika_panda/assets/link0_11.obj -> /root/ROS/Group_3_2026/ros2_lab_ws/src/dual_arm_simulation/install/dual_arm_simulation/share/dual_arm_simulation/mujoco_menagerie/franka_emika_panda/assets
[2.930s] copying mujoco_menagerie/franka_emika_panda/assets/link6_6.obj -> /root/ROS/Group_3_2026/ros2_lab_ws/src/dual_arm_simulation/install/dual_arm_simulation/share/dual_arm_simulation/mujoco_menagerie/franka_emika_panda/assets
[2.931s] copying mujoco_menagerie/franka_emika_panda/assets/link5_collision_2.obj -> /root/ROS/Group_3_2026/ros2_lab_ws/src/dual_arm_simulation/install/dual_arm_simulation/share/dual_arm_simulation/mujoco_menagerie/franka_emika_panda/assets
[2.933s] copying mujoco_menagerie/franka_emika_panda/assets/link0_8.obj -> /root/ROS/Group_3_2026/ros2_lab_ws/src/dual_arm_simulation/install/dual_arm_simulation/share/dual_arm_simulation/mujoco_menagerie/franka_emika_panda/assets
[2.973s] copying mujoco_menagerie/franka_emika_panda/assets/link7_3.obj -> /root/ROS/Group_3_2026/ros2_lab_ws/src/dual_arm_simulation/install/dual_arm_simulation/share/dual_arm_simulation/mujoco_menagerie/franka_emika_panda/assets
[2.990s] copying mujoco_menagerie/franka_emika_panda/assets/link6_11.obj -> /root/ROS/Group_3_2026/ros2_lab_ws/src/dual_arm_simulation/install/dual_arm_simulation/share/dual_arm_simulation/mujoco_menagerie/franka_emika_panda/assets
[2.991s] copying mujoco_menagerie/franka_emika_panda/assets/link6_13.obj -> /root/ROS/Group_3_2026/ros2_lab_ws/src/dual_arm_simulation/install/dual_arm_simulation/share/dual_arm_simulation/mujoco_menagerie/franka_emika_panda/assets
[2.993s] copying mujoco_menagerie/franka_emika_panda/assets/link6_4.obj -> /root/ROS/Group_3_2026/ros2_lab_ws/src/dual_arm_simulation/install/dual_arm_simulation/share/dual_arm_simulation/mujoco_menagerie/franka_emika_panda/assets
[2.995s] copying mujoco_menagerie/franka_emika_panda/assets/link2.obj -> /root/ROS/Group_3_2026/ros2_lab_ws/src/dual_arm_simulation/install/dual_arm_simulation/share/dual_arm_simulation/mujoco_menagerie/franka_emika_panda/assets
[3.079s] copying mujoco_menagerie/franka_emika_panda/assets/link1.obj -> /root/ROS/Group_3_2026/ros2_lab_ws/src/dual_arm_simulation/install/dual_arm_simulation/share/dual_arm_simulation/mujoco_menagerie/franka_emika_panda/assets
[3.135s] copying mujoco_menagerie/franka_emika_panda/assets/link7_1.obj -> /root/ROS/Group_3_2026/ros2_lab_ws/src/dual_arm_simulation/install/dual_arm_simulation/share/dual_arm_simulation/mujoco_menagerie/franka_emika_panda/assets
[3.157s] copying mujoco_menagerie/franka_emika_panda/assets/hand_1.obj -> /root/ROS/Group_3_2026/ros2_lab_ws/src/dual_arm_simulation/install/dual_arm_simulation/share/dual_arm_simulation/mujoco_menagerie/franka_emika_panda/assets
[3.168s] copying mujoco_menagerie/franka_emika_panda/assets/link0.stl -> /root/ROS/Group_3_2026/ros2_lab_ws/src/dual_arm_simulation/install/dual_arm_simulation/share/dual_arm_simulation/mujoco_menagerie/franka_emika_panda/assets
[3.168s] copying mujoco_menagerie/franka_emika_panda/assets/link7_7.obj -> /root/ROS/Group_3_2026/ros2_lab_ws/src/dual_arm_simulation/install/dual_arm_simulation/share/dual_arm_simulation/mujoco_menagerie/franka_emika_panda/assets
[3.197s] copying mujoco_menagerie/franka_emika_panda/assets/link0_3.obj -> /root/ROS/Group_3_2026/ros2_lab_ws/src/dual_arm_simulation/install/dual_arm_simulation/share/dual_arm_simulation/mujoco_menagerie/franka_emika_panda/assets
[3.200s] copying mujoco_menagerie/franka_emika_panda/assets/link5_1.obj -> /root/ROS/Group_3_2026/ros2_lab_ws/src/dual_arm_simulation/install/dual_arm_simulation/share/dual_arm_simulation/mujoco_menagerie/franka_emika_panda/assets
[3.203s] copying mujoco_menagerie/franka_emika_panda/assets/link0_1.obj -> /root/ROS/Group_3_2026/ros2_lab_ws/src/dual_arm_simulation/install/dual_arm_simulation/share/dual_arm_simulation/mujoco_menagerie/franka_emika_panda/assets
[3.221s] copying mujoco_menagerie/franka_emika_panda/assets/link6_0.obj -> /root/ROS/Group_3_2026/ros2_lab_ws/src/dual_arm_simulation/install/dual_arm_simulation/share/dual_arm_simulation/mujoco_menagerie/franka_emika_panda/assets
[3.230s] copying mujoco_menagerie/franka_emika_panda/assets/finger_1.obj -> /root/ROS/Group_3_2026/ros2_lab_ws/src/dual_arm_simulation/install/dual_arm_simulation/share/dual_arm_simulation/mujoco_menagerie/franka_emika_panda/assets
[3.232s] copying mujoco_menagerie/franka_emika_panda/assets/link4_0.obj -> /root/ROS/Group_3_2026/ros2_lab_ws/src/dual_arm_simulation/install/dual_arm_simulation/share/dual_arm_simulation/mujoco_menagerie/franka_emika_panda/assets
[3.239s] copying mujoco_menagerie/franka_emika_panda/assets/link7_2.obj -> /root/ROS/Group_3_2026/ros2_lab_ws/src/dual_arm_simulation/install/dual_arm_simulation/share/dual_arm_simulation/mujoco_menagerie/franka_emika_panda/assets
[3.252s] copying mujoco_menagerie/franka_emika_panda/assets/link1.stl -> /root/ROS/Group_3_2026/ros2_lab_ws/src/dual_arm_simulation/install/dual_arm_simulation/share/dual_arm_simulation/mujoco_menagerie/franka_emika_panda/assets
[3.253s] copying mujoco_menagerie/franka_emika_panda/assets/link6_9.obj -> /root/ROS/Group_3_2026/ros2_lab_ws/src/dual_arm_simulation/install/dual_arm_simulation/share/dual_arm_simulation/mujoco_menagerie/franka_emika_panda/assets
[3.255s] copying mujoco_menagerie/franka_emika_panda/assets/link4_1.obj -> /root/ROS/Group_3_2026/ros2_lab_ws/src/dual_arm_simulation/install/dual_arm_simulation/share/dual_arm_simulation/mujoco_menagerie/franka_emika_panda/assets
[3.294s] copying mujoco_menagerie/franka_emika_panda/assets/hand_2.obj -> /root/ROS/Group_3_2026/ros2_lab_ws/src/dual_arm_simulation/install/dual_arm_simulation/share/dual_arm_simulation/mujoco_menagerie/franka_emika_panda/assets
[3.325s] copying mujoco_menagerie/franka_emika_panda/assets/link0_10.obj -> /root/ROS/Group_3_2026/ros2_lab_ws/src/dual_arm_simulation/install/dual_arm_simulation/share/dual_arm_simulation/mujoco_menagerie/franka_emika_panda/assets
[3.343s] copying mujoco_menagerie/franka_emika_panda/assets/link6_2.obj -> /root/ROS/Group_3_2026/ros2_lab_ws/src/dual_arm_simulation/install/dual_arm_simulation/share/dual_arm_simulation/mujoco_menagerie/franka_emika_panda/assets
[3.344s] copying mujoco_menagerie/franka_emika_panda/assets/link5_2.obj -> /root/ROS/Group_3_2026/ros2_lab_ws/src/dual_arm_simulation/install/dual_arm_simulation/share/dual_arm_simulation/mujoco_menagerie/franka_emika_panda/assets
[3.403s] copying mujoco_menagerie/franka_emika_panda/assets/link4_2.obj -> /root/ROS/Group_3_2026/ros2_lab_ws/src/dual_arm_simulation/install/dual_arm_simulation/share/dual_arm_simulation/mujoco_menagerie/franka_emika_panda/assets
[3.420s] copying mujoco_menagerie/franka_emika_panda/assets/link5_collision_1.obj -> /root/ROS/Group_3_2026/ros2_lab_ws/src/dual_arm_simulation/install/dual_arm_simulation/share/dual_arm_simulation/mujoco_menagerie/franka_emika_panda/assets
[3.421s] copying mujoco_menagerie/franka_emika_panda/assets/link6_14.obj -> /root/ROS/Group_3_2026/ros2_lab_ws/src/dual_arm_simulation/install/dual_arm_simulation/share/dual_arm_simulation/mujoco_menagerie/franka_emika_panda/assets
[3.447s] copying mujoco_menagerie/franka_emika_panda/assets/link6_5.obj -> /root/ROS/Group_3_2026/ros2_lab_ws/src/dual_arm_simulation/install/dual_arm_simulation/share/dual_arm_simulation/mujoco_menagerie/franka_emika_panda/assets
[3.448s] copying mujoco_menagerie/franka_emika_panda/assets/link0_0.obj -> /root/ROS/Group_3_2026/ros2_lab_ws/src/dual_arm_simulation/install/dual_arm_simulation/share/dual_arm_simulation/mujoco_menagerie/franka_emika_panda/assets
[3.476s] copying mujoco_menagerie/franka_emika_panda/assets/link6_7.obj -> /root/ROS/Group_3_2026/ros2_lab_ws/src/dual_arm_simulation/install/dual_arm_simulation/share/dual_arm_simulation/mujoco_menagerie/franka_emika_panda/assets
[3.477s] copying mujoco_menagerie/franka_emika_panda/assets/link7.stl -> /root/ROS/Group_3_2026/ros2_lab_ws/src/dual_arm_simulation/install/dual_arm_simulation/share/dual_arm_simulation/mujoco_menagerie/franka_emika_panda/assets
[3.478s] copying mujoco_menagerie/franka_emika_panda/assets/link5_0.obj -> /root/ROS/Group_3_2026/ros2_lab_ws/src/dual_arm_simulation/install/dual_arm_simulation/share/dual_arm_simulation/mujoco_menagerie/franka_emika_panda/assets
[3.504s] copying mujoco_menagerie/franka_emika_panda/assets/link4_3.obj -> /root/ROS/Group_3_2026/ros2_lab_ws/src/dual_arm_simulation/install/dual_arm_simulation/share/dual_arm_simulation/mujoco_menagerie/franka_emika_panda/assets
[3.524s] copying mujoco_menagerie/franka_emika_panda/assets/link3_1.obj -> /root/ROS/Group_3_2026/ros2_lab_ws/src/dual_arm_simulation/install/dual_arm_simulation/share/dual_arm_simulation/mujoco_menagerie/franka_emika_panda/assets
[3.527s] copying mujoco_menagerie/franka_emika_panda/assets/link3.stl -> /root/ROS/Group_3_2026/ros2_lab_ws/src/dual_arm_simulation/install/dual_arm_simulation/share/dual_arm_simulation/mujoco_menagerie/franka_emika_panda/assets
[3.529s] copying mujoco_menagerie/franka_emika_panda/assets/link6_1.obj -> /root/ROS/Group_3_2026/ros2_lab_ws/src/dual_arm_simulation/install/dual_arm_simulation/share/dual_arm_simulation/mujoco_menagerie/franka_emika_panda/assets
[3.531s] copying mujoco_menagerie/franka_emika_panda/assets/link3_0.obj -> /root/ROS/Group_3_2026/ros2_lab_ws/src/dual_arm_simulation/install/dual_arm_simulation/share/dual_arm_simulation/mujoco_menagerie/franka_emika_panda/assets
[3.563s] copying mujoco_menagerie/franka_emika_panda/assets/link2.stl -> /root/ROS/Group_3_2026/ros2_lab_ws/src/dual_arm_simulation/install/dual_arm_simulation/share/dual_arm_simulation/mujoco_menagerie/franka_emika_panda/assets
[3.575s] copying mujoco_menagerie/franka_emika_panda/assets/finger_0.obj -> /root/ROS/Group_3_2026/ros2_lab_ws/src/dual_arm_simulation/install/dual_arm_simulation/share/dual_arm_simulation/mujoco_menagerie/franka_emika_panda/assets
[3.586s] copying mujoco_menagerie/franka_emika_panda/assets/link3_2.obj -> /root/ROS/Group_3_2026/ros2_lab_ws/src/dual_arm_simulation/install/dual_arm_simulation/share/dual_arm_simulation/mujoco_menagerie/franka_emika_panda/assets
[3.589s] copying mujoco_menagerie/franka_emika_panda/assets/hand_3.obj -> /root/ROS/Group_3_2026/ros2_lab_ws/src/dual_arm_simulation/install/dual_arm_simulation/share/dual_arm_simulation/mujoco_menagerie/franka_emika_panda/assets
[3.623s] copying mujoco_menagerie/franka_emika_panda/assets/link6_10.obj -> /root/ROS/Group_3_2026/ros2_lab_ws/src/dual_arm_simulation/install/dual_arm_simulation/share/dual_arm_simulation/mujoco_menagerie/franka_emika_panda/assets
[3.653s] copying mujoco_menagerie/franka_emika_panda/assets/link6_12.obj -> /root/ROS/Group_3_2026/ros2_lab_ws/src/dual_arm_simulation/install/dual_arm_simulation/share/dual_arm_simulation/mujoco_menagerie/franka_emika_panda/assets
[3.654s] copying mujoco_menagerie/franka_emika_panda/assets/link5_collision_0.obj -> /root/ROS/Group_3_2026/ros2_lab_ws/src/dual_arm_simulation/install/dual_arm_simulation/share/dual_arm_simulation/mujoco_menagerie/franka_emika_panda/assets
[3.655s] copying mujoco_menagerie/franka_emika_panda/assets/hand_4.obj -> /root/ROS/Group_3_2026/ros2_lab_ws/src/dual_arm_simulation/install/dual_arm_simulation/share/dual_arm_simulation/mujoco_menagerie/franka_emika_panda/assets
[3.680s] copying mujoco_menagerie/franka_emika_panda/assets/link0_5.obj -> /root/ROS/Group_3_2026/ros2_lab_ws/src/dual_arm_simulation/install/dual_arm_simulation/share/dual_arm_simulation/mujoco_menagerie/franka_emika_panda/assets
[3.682s] copying mujoco_menagerie/franka_emika_panda/assets/link4.stl -> /root/ROS/Group_3_2026/ros2_lab_ws/src/dual_arm_simulation/install/dual_arm_simulation/share/dual_arm_simulation/mujoco_menagerie/franka_emika_panda/assets
[3.683s] copying mujoco_menagerie/franka_emika_panda/assets/link0_9.obj -> /root/ROS/Group_3_2026/ros2_lab_ws/src/dual_arm_simulation/install/dual_arm_simulation/share/dual_arm_simulation/mujoco_menagerie/franka_emika_panda/assets
[3.694s] copying mujoco_menagerie/franka_emika_panda/assets/hand.stl -> /root/ROS/Group_3_2026/ros2_lab_ws/src/dual_arm_simulation/install/dual_arm_simulation/share/dual_arm_simulation/mujoco_menagerie/franka_emika_panda/assets
[3.696s] copying mujoco_menagerie/franka_emika_panda/assets/link6_15.obj -> /root/ROS/Group_3_2026/ros2_lab_ws/src/dual_arm_simulation/install/dual_arm_simulation/share/dual_arm_simulation/mujoco_menagerie/franka_emika_panda/assets
[3.703s] copying mujoco_menagerie/franka_emika_panda/assets/link6_8.obj -> /root/ROS/Group_3_2026/ros2_lab_ws/src/dual_arm_simulation/install/dual_arm_simulation/share/dual_arm_simulation/mujoco_menagerie/franka_emika_panda/assets
[3.705s] copying mujoco_menagerie/franka_emika_panda/assets/link7_6.obj -> /root/ROS/Group_3_2026/ros2_lab_ws/src/dual_arm_simulation/install/dual_arm_simulation/share/dual_arm_simulation/mujoco_menagerie/franka_emika_panda/assets
[3.713s] copying mujoco_menagerie/franka_emika_panda/assets/link6_3.obj -> /root/ROS/Group_3_2026/ros2_lab_ws/src/dual_arm_simulation/install/dual_arm_simulation/share/dual_arm_simulation/mujoco_menagerie/franka_emika_panda/assets
[3.714s] copying mujoco_menagerie/franka_emika_panda/assets/link6_16.obj -> /root/ROS/Group_3_2026/ros2_lab_ws/src/dual_arm_simulation/install/dual_arm_simulation/share/dual_arm_simulation/mujoco_menagerie/franka_emika_panda/assets
[3.759s] copying mujoco_menagerie/franka_emika_panda/assets/link7_4.obj -> /root/ROS/Group_3_2026/ros2_lab_ws/src/dual_arm_simulation/install/dual_arm_simulation/share/dual_arm_simulation/mujoco_menagerie/franka_emika_panda/assets
[3.780s] copying mujoco_menagerie/franka_emika_panda/assets/link0_2.obj -> /root/ROS/Group_3_2026/ros2_lab_ws/src/dual_arm_simulation/install/dual_arm_simulation/share/dual_arm_simulation/mujoco_menagerie/franka_emika_panda/assets
[3.790s] copying mujoco_menagerie/franka_emika_panda/assets/link7_0.obj -> /root/ROS/Group_3_2026/ros2_lab_ws/src/dual_arm_simulation/install/dual_arm_simulation/share/dual_arm_simulation/mujoco_menagerie/franka_emika_panda/assets
[3.814s] creating /root/ROS/Group_3_2026/ros2_lab_ws/src/dual_arm_simulation/install/dual_arm_simulation/share/dual_arm_simulation/mujoco_menagerie/.git
[3.815s] copying mujoco_menagerie/.git/HEAD -> /root/ROS/Group_3_2026/ros2_lab_ws/src/dual_arm_simulation/install/dual_arm_simulation/share/dual_arm_simulation/mujoco_menagerie/.git
[3.816s] copying mujoco_menagerie/.git/index -> /root/ROS/Group_3_2026/ros2_lab_ws/src/dual_arm_simulation/install/dual_arm_simulation/share/dual_arm_simulation/mujoco_menagerie/.git
[3.842s] copying mujoco_menagerie/.git/config.worktree -> /root/ROS/Group_3_2026/ros2_lab_ws/src/dual_arm_simulation/install/dual_arm_simulation/share/dual_arm_simulation/mujoco_menagerie/.git
[3.860s] copying mujoco_menagerie/.git/config -> /root/ROS/Group_3_2026/ros2_lab_ws/src/dual_arm_simulation/install/dual_arm_simulation/share/dual_arm_simulation/mujoco_menagerie/.git
[3.882s] copying mujoco_menagerie/.git/description -> /root/ROS/Group_3_2026/ros2_lab_ws/src/dual_arm_simulation/install/dual_arm_simulation/share/dual_arm_simulation/mujoco_menagerie/.git
[3.910s] copying mujoco_menagerie/.git/packed-refs -> /root/ROS/Group_3_2026/ros2_lab_ws/src/dual_arm_simulation/install/dual_arm_simulation/share/dual_arm_simulation/mujoco_menagerie/.git
[3.922s] creating /root/ROS/Group_3_2026/ros2_lab_ws/src/dual_arm_simulation/install/dual_arm_simulation/share/dual_arm_simulation/mujoco_menagerie/.git/info
[3.924s] copying mujoco_menagerie/.git/info/sparse-checkout -> /root/ROS/Group_3_2026/ros2_lab_ws/src/dual_arm_simulation/install/dual_arm_simulation/share/dual_arm_simulation/mujoco_menagerie/.git/info
[3.929s] copying mujoco_menagerie/.git/info/refs -> /root/ROS/Group_3_2026/ros2_lab_ws/src/dual_arm_simulation/install/dual_arm_simulation/share/dual_arm_simulation/mujoco_menagerie/.git/info
[3.944s] copying mujoco_menagerie/.git/info/exclude -> /root/ROS/Group_3_2026/ros2_lab_ws/src/dual_arm_simulation/install/dual_arm_simulation/share/dual_arm_simulation/mujoco_menagerie/.git/info
[3.944s] creating /root/ROS/Group_3_2026/ros2_lab_ws/src/dual_arm_simulation/install/dual_arm_simulation/share/dual_arm_simulation/mujoco_menagerie/.git/logs
[3.946s] copying mujoco_menagerie/.git/logs/HEAD -> /root/ROS/Group_3_2026/ros2_lab_ws/src/dual_arm_simulation/install/dual_arm_simulation/share/dual_arm_simulation/mujoco_menagerie/.git/logs
[3.964s] creating /root/ROS/Group_3_2026/ros2_lab_ws/src/dual_arm_simulation/install/dual_arm_simulation/share/dual_arm_simulation/mujoco_menagerie/.git/logs/refs
[3.965s] creating /root/ROS/Group_3_2026/ros2_lab_ws/src/dual_arm_simulation/install/dual_arm_simulation/share/dual_arm_simulation/mujoco_menagerie/.git/logs/refs/heads
[3.966s] copying mujoco_menagerie/.git/logs/refs/heads/main -> /root/ROS/Group_3_2026/ros2_lab_ws/src/dual_arm_simulation/install/dual_arm_simulation/share/dual_arm_simulation/mujoco_menagerie/.git/logs/refs/heads
[3.968s] creating /root/ROS/Group_3_2026/ros2_lab_ws/src/dual_arm_simulation/install/dual_arm_simulation/share/dual_arm_simulation/mujoco_menagerie/.git/logs/refs/remotes
[3.970s] creating /root/ROS/Group_3_2026/ros2_lab_ws/src/dual_arm_simulation/install/dual_arm_simulation/share/dual_arm_simulation/mujoco_menagerie/.git/logs/refs/remotes/origin
[3.971s] copying mujoco_menagerie/.git/logs/refs/remotes/origin/HEAD -> /root/ROS/Group_3_2026/ros2_lab_ws/src/dual_arm_simulation/install/dual_arm_simulation/share/dual_arm_simulation/mujoco_menagerie/.git/logs/refs/remotes/origin
[3.974s] creating /root/ROS/Group_3_2026/ros2_lab_ws/src/dual_arm_simulation/install/dual_arm_simulation/share/dual_arm_simulation/mujoco_menagerie/.git/hooks
[3.975s] copying mujoco_menagerie/.git/hooks/pre-push.sample -> /root/ROS/Group_3_2026/ros2_lab_ws/src/dual_arm_simulation/install/dual_arm_simulation/share/dual_arm_simulation/mujoco_menagerie/.git/hooks
[3.998s] copying mujoco_menagerie/.git/hooks/pre-applypatch.sample -> /root/ROS/Group_3_2026/ros2_lab_ws/src/dual_arm_simulation/install/dual_arm_simulation/share/dual_arm_simulation/mujoco_menagerie/.git/hooks
[4.000s] copying mujoco_menagerie/.git/hooks/update.sample -> /root/ROS/Group_3_2026/ros2_lab_ws/src/dual_arm_simulation/install/dual_arm_simulation/share/dual_arm_simulation/mujoco_menagerie/.git/hooks
[4.001s] copying mujoco_menagerie/.git/hooks/fsmonitor-watchman.sample -> /root/ROS/Group_3_2026/ros2_lab_ws/src/dual_arm_simulation/install/dual_arm_simulation/share/dual_arm_simulation/mujoco_menagerie/.git/hooks
[4.004s] copying mujoco_menagerie/.git/hooks/pre-commit.sample -> /root/ROS/Group_3_2026/ros2_lab_ws/src/dual_arm_simulation/install/dual_arm_simulation/share/dual_arm_simulation/mujoco_menagerie/.git/hooks
[4.009s] copying mujoco_menagerie/.git/hooks/push-to-checkout.sample -> /root/ROS/Group_3_2026/ros2_lab_ws/src/dual_arm_simulation/install/dual_arm_simulation/share/dual_arm_simulation/mujoco_menagerie/.git/hooks
[4.017s] copying mujoco_menagerie/.git/hooks/pre-merge-commit.sample -> /root/ROS/Group_3_2026/ros2_lab_ws/src/dual_arm_simulation/install/dual_arm_simulation/share/dual_arm_simulation/mujoco_menagerie/.git/hooks
[4.021s] copying mujoco_menagerie/.git/hooks/post-update.sample -> /root/ROS/Group_3_2026/ros2_lab_ws/src/dual_arm_simulation/install/dual_arm_simulation/share/dual_arm_simulation/mujoco_menagerie/.git/hooks
[4.025s] copying mujoco_menagerie/.git/hooks/pre-receive.sample -> /root/ROS/Group_3_2026/ros2_lab_ws/src/dual_arm_simulation/install/dual_arm_simulation/share/dual_arm_simulation/mujoco_menagerie/.git/hooks
[4.029s] copying mujoco_menagerie/.git/hooks/pre-rebase.sample -> /root/ROS/Group_3_2026/ros2_lab_ws/src/dual_arm_simulation/install/dual_arm_simulation/share/dual_arm_simulation/mujoco_menagerie/.git/hooks
[4.041s] copying mujoco_menagerie/.git/hooks/prepare-commit-msg.sample -> /root/ROS/Group_3_2026/ros2_lab_ws/src/dual_arm_simulation/install/dual_arm_simulation/share/dual_arm_simulation/mujoco_menagerie/.git/hooks
[4.094s] copying mujoco_menagerie/.git/hooks/commit-msg.sample -> /root/ROS/Group_3_2026/ros2_lab_ws/src/dual_arm_simulation/install/dual_arm_simulation/share/dual_arm_simulation/mujoco_menagerie/.git/hooks
[4.113s] copying mujoco_menagerie/.git/hooks/applypatch-msg.sample -> /root/ROS/Group_3_2026/ros2_lab_ws/src/dual_arm_simulation/install/dual_arm_simulation/share/dual_arm_simulation/mujoco_menagerie/.git/hooks
[4.124s] creating /root/ROS/Group_3_2026/ros2_lab_ws/src/dual_arm_simulation/install/dual_arm_simulation/share/dual_arm_simulation/mujoco_menagerie/.git/objects
[4.125s] creating /root/ROS/Group_3_2026/ros2_lab_ws/src/dual_arm_simulation/install/dual_arm_simulation/share/dual_arm_simulation/mujoco_menagerie/.git/objects/info
[4.127s] copying mujoco_menagerie/.git/objects/info/packs -> /root/ROS/Group_3_2026/ros2_lab_ws/src/dual_arm_simulation/install/dual_arm_simulation/share/dual_arm_simulation/mujoco_menagerie/.git/objects/info
[4.138s] copying mujoco_menagerie/.git/objects/info/commit-graph -> /root/ROS/Group_3_2026/ros2_lab_ws/src/dual_arm_simulation/install/dual_arm_simulation/share/dual_arm_simulation/mujoco_menagerie/.git/objects/info
[4.150s] creating /root/ROS/Group_3_2026/ros2_lab_ws/src/dual_arm_simulation/install/dual_arm_simulation/share/dual_arm_simulation/mujoco_menagerie/.git/objects/pack
[4.152s] copying mujoco_menagerie/.git/objects/pack/pack-fa440cb1908b644320ba67ed75c46aac1e037b23.idx -> /root/ROS/Group_3_2026/ros2_lab_ws/src/dual_arm_simulation/install/dual_arm_simulation/share/dual_arm_simulation/mujoco_menagerie/.git/objects/pack
[4.173s] copying mujoco_menagerie/.git/objects/pack/pack-8a5dbd248800582a110d353d76ffdafd30f586f2.pack -> /root/ROS/Group_3_2026/ros2_lab_ws/src/dual_arm_simulation/install/dual_arm_simulation/share/dual_arm_simulation/mujoco_menagerie/.git/objects/pack
[4.187s] copying mujoco_menagerie/.git/objects/pack/pack-4768e4d68916ed6041416a854a950d114995554f.promisor -> /root/ROS/Group_3_2026/ros2_lab_ws/src/dual_arm_simulation/install/dual_arm_simulation/share/dual_arm_simulation/mujoco_menagerie/.git/objects/pack
[4.187s] copying mujoco_menagerie/.git/objects/pack/pack-8a5dbd248800582a110d353d76ffdafd30f586f2.idx -> /root/ROS/Group_3_2026/ros2_lab_ws/src/dual_arm_simulation/install/dual_arm_simulation/share/dual_arm_simulation/mujoco_menagerie/.git/objects/pack
[4.199s] copying mujoco_menagerie/.git/objects/pack/pack-36204b9b186247ed4a4057c3d7357857e5b67a1e.pack -> /root/ROS/Group_3_2026/ros2_lab_ws/src/dual_arm_simulation/install/dual_arm_simulation/share/dual_arm_simulation/mujoco_menagerie/.git/objects/pack
[4.220s] copying mujoco_menagerie/.git/objects/pack/pack-98aab75097ce3a03ad30c33e3f3987f7b4637aaf.pack -> /root/ROS/Group_3_2026/ros2_lab_ws/src/dual_arm_simulation/install/dual_arm_simulation/share/dual_arm_simulation/mujoco_menagerie/.git/objects/pack
[4.246s] copying mujoco_menagerie/.git/objects/pack/pack-36204b9b186247ed4a4057c3d7357857e5b67a1e.promisor -> /root/ROS/Group_3_2026/ros2_lab_ws/src/dual_arm_simulation/install/dual_arm_simulation/share/dual_arm_simulation/mujoco_menagerie/.git/objects/pack
[4.246s] copying mujoco_menagerie/.git/objects/pack/pack-8a5dbd248800582a110d353d76ffdafd30f586f2.promisor -> /root/ROS/Group_3_2026/ros2_lab_ws/src/dual_arm_simulation/install/dual_arm_simulation/share/dual_arm_simulation/mujoco_menagerie/.git/objects/pack
[4.247s] copying mujoco_menagerie/.git/objects/pack/pack-4768e4d68916ed6041416a854a950d114995554f.idx -> /root/ROS/Group_3_2026/ros2_lab_ws/src/dual_arm_simulation/install/dual_arm_simulation/share/dual_arm_simulation/mujoco_menagerie/.git/objects/pack
[4.267s] copying mujoco_menagerie/.git/objects/pack/pack-acb66feb804a9005c232a12b583fbc0fad7122b4.promisor -> /root/ROS/Group_3_2026/ros2_lab_ws/src/dual_arm_simulation/install/dual_arm_simulation/share/dual_arm_simulation/mujoco_menagerie/.git/objects/pack
[4.267s] copying mujoco_menagerie/.git/objects/pack/pack-4768e4d68916ed6041416a854a950d114995554f.pack -> /root/ROS/Group_3_2026/ros2_lab_ws/src/dual_arm_simulation/install/dual_arm_simulation/share/dual_arm_simulation/mujoco_menagerie/.git/objects/pack
[4.270s] copying mujoco_menagerie/.git/objects/pack/pack-98aab75097ce3a03ad30c33e3f3987f7b4637aaf.promisor -> /root/ROS/Group_3_2026/ros2_lab_ws/src/dual_arm_simulation/install/dual_arm_simulation/share/dual_arm_simulation/mujoco_menagerie/.git/objects/pack
[4.271s] copying mujoco_menagerie/.git/objects/pack/pack-fa440cb1908b644320ba67ed75c46aac1e037b23.promisor -> /root/ROS/Group_3_2026/ros2_lab_ws/src/dual_arm_simulation/install/dual_arm_simulation/share/dual_arm_simulation/mujoco_menagerie/.git/objects/pack
[4.271s] copying mujoco_menagerie/.git/objects/pack/pack-acb66feb804a9005c232a12b583fbc0fad7122b4.pack -> /root/ROS/Group_3_2026/ros2_lab_ws/src/dual_arm_simulation/install/dual_arm_simulation/share/dual_arm_simulation/mujoco_menagerie/.git/objects/pack
[4.287s] copying mujoco_menagerie/.git/objects/pack/pack-fa440cb1908b644320ba67ed75c46aac1e037b23.pack -> /root/ROS/Group_3_2026/ros2_lab_ws/src/dual_arm_simulation/install/dual_arm_simulation/share/dual_arm_simulation/mujoco_menagerie/.git/objects/pack
[4.304s] copying mujoco_menagerie/.git/objects/pack/pack-36204b9b186247ed4a4057c3d7357857e5b67a1e.idx -> /root/ROS/Group_3_2026/ros2_lab_ws/src/dual_arm_simulation/install/dual_arm_simulation/share/dual_arm_simulation/mujoco_menagerie/.git/objects/pack
[4.347s] copying mujoco_menagerie/.git/objects/pack/pack-a6c1867b63013b6bdf96b51c41d386bb2102e7ac.promisor -> /root/ROS/Group_3_2026/ros2_lab_ws/src/dual_arm_simulation/install/dual_arm_simulation/share/dual_arm_simulation/mujoco_menagerie/.git/objects/pack
[4.348s] copying mujoco_menagerie/.git/objects/pack/pack-a6c1867b63013b6bdf96b51c41d386bb2102e7ac.pack -> /root/ROS/Group_3_2026/ros2_lab_ws/src/dual_arm_simulation/install/dual_arm_simulation/share/dual_arm_simulation/mujoco_menagerie/.git/objects/pack
[4.931s] copying mujoco_menagerie/.git/objects/pack/pack-acb66feb804a9005c232a12b583fbc0fad7122b4.idx -> /root/ROS/Group_3_2026/ros2_lab_ws/src/dual_arm_simulation/install/dual_arm_simulation/share/dual_arm_simulation/mujoco_menagerie/.git/objects/pack
[4.943s] copying mujoco_menagerie/.git/objects/pack/pack-a6c1867b63013b6bdf96b51c41d386bb2102e7ac.idx -> /root/ROS/Group_3_2026/ros2_lab_ws/src/dual_arm_simulation/install/dual_arm_simulation/share/dual_arm_simulation/mujoco_menagerie/.git/objects/pack
[4.955s] copying mujoco_menagerie/.git/objects/pack/pack-98aab75097ce3a03ad30c33e3f3987f7b4637aaf.idx -> /root/ROS/Group_3_2026/ros2_lab_ws/src/dual_arm_simulation/install/dual_arm_simulation/share/dual_arm_simulation/mujoco_menagerie/.git/objects/pack
[4.972s] creating /root/ROS/Group_3_2026/ros2_lab_ws/src/dual_arm_simulation/install/dual_arm_simulation/share/dual_arm_simulation/mujoco_menagerie/.git/refs
[4.973s] creating /root/ROS/Group_3_2026/ros2_lab_ws/src/dual_arm_simulation/install/dual_arm_simulation/share/dual_arm_simulation/mujoco_menagerie/.git/refs/remotes
[4.974s] creating /root/ROS/Group_3_2026/ros2_lab_ws/src/dual_arm_simulation/install/dual_arm_simulation/share/dual_arm_simulation/mujoco_menagerie/.git/refs/remotes/origin
[4.975s] copying mujoco_menagerie/.git/refs/remotes/origin/HEAD -> /root/ROS/Group_3_2026/ros2_lab_ws/src/dual_arm_simulation/install/dual_arm_simulation/share/dual_arm_simulation/mujoco_menagerie/.git/refs/remotes/origin
[4.977s] creating /root/ROS/Group_3_2026/ros2_lab_ws/src/dual_arm_simulation/install/dual_arm_simulation/share/dual_arm_simulation/mujoco_menagerie/.git/gk
[4.978s] copying mujoco_menagerie/.git/gk/config -> /root/ROS/Group_3_2026/ros2_lab_ws/src/dual_arm_simulation/install/dual_arm_simulation/share/dual_arm_simulation/mujoco_menagerie/.git/gk
[4.989s] running install_egg_info
[4.994s] Copying build/dual_arm_simulation/dual_arm_simulation.egg-info to /root/ROS/Group_3_2026/ros2_lab_ws/src/dual_arm_simulation/install/dual_arm_simulation/lib/python3.10/site-packages/dual_arm_simulation-0.1.0-py3.10.egg-info
[4.998s] running install_scripts
[5.049s] Installing dual_arm_sim_node script to /root/ROS/Group_3_2026/ros2_lab_ws/src/dual_arm_simulation/install/dual_arm_simulation/lib/dual_arm_simulation
[5.052s] writing list of installed files to '/root/ROS/Group_3_2026/ros2_lab_ws/src/dual_arm_simulation/build/dual_arm_simulation/install.log'
[5.120s] Invoked command in '/root/ROS/Group_3_2026/ros2_lab_ws/src/dual_arm_simulation' returned '0': PYTHONPATH=/root/ROS/Group_3_2026/ros2_lab_ws/src/dual_arm_simulation/build/dual_arm_simulation/prefix_override:/usr/lib/python3/dist-packages/colcon_core/task/python/colcon_distutils_commands:/root/ROS/Group_3_2026/ros2_lab_ws/src/dual_arm_simulation/install/dual_arm_simulation/lib/python3.10/site-packages:${PYTHONPATH} /usr/bin/python3 -W ignore:setup.py install is deprecated -W ignore:easy_install command is deprecated setup.py egg_info --egg-base build/dual_arm_simulation build --build-base /root/ROS/Group_3_2026/ros2_lab_ws/src/dual_arm_simulation/build/dual_arm_simulation/build install --record /root/ROS/Group_3_2026/ros2_lab_ws/src/dual_arm_simulation/build/dual_arm_simulation/install.log --single-version-externally-managed install_data
