[0.642s] DEBUG:colcon:Command line arguments: ['/usr/bin/colcon', 'build', '--packages-select', 'dual_arm_simulation', 'dual_arm_perception', 'dual_arm_control']
[0.643s] DEBUG:colcon:Parsed command line arguments: Namespace(log_base=None, log_level=None, verb_name='build', build_base='build', install_base='install', merge_install=False, symlink_install=False, test_result_base=None, continue_on_error=False, executor='parallel', parallel_workers=16, event_handlers=None, ignore_user_meta=False, metas=['./colcon.meta'], base_paths=['.'], packages_ignore=None, packages_ignore_regex=None, paths=None, packages_up_to=None, packages_up_to_regex=None, packages_above=None, packages_above_and_dependencies=None, packages_above_depth=None, packages_select_by_dep=None, packages_skip_by_dep=None, packages_skip_up_to=None, packages_select_build_failed=False, packages_skip_build_finished=False, packages_select_test_failures=False, packages_skip_test_passed=False, packages_select=['dual_arm_simulation', 'dual_arm_perception', 'dual_arm_control'], packages_skip=None, packages_select_regex=None, packages_skip_regex=None, packages_start=None, packages_end=None, allow_overriding=[], cmake_args=None, cmake_target=None, cmake_target_skip_unavailable=False, cmake_clean_cache=False, cmake_clean_first=False, cmake_force_configure=False, ament_cmake_args=None, catkin_cmake_args=None, catkin_skip_building_tests=False, verb_parser=<colcon_defaults.argument_parser.defaults.DefaultArgumentsDecorator object at 0x75db2af54700>, verb_extension=<colcon_core.verb.build.BuildVerb object at 0x75db2af54250>, main=<bound method BuildVerb.main of <colcon_core.verb.build.BuildVerb object at 0x75db2af54250>>)
[1.053s] Level 1:colcon.colcon_core.package_discovery:discover_packages(colcon_meta) check parameters
[1.054s] Level 1:colcon.colcon_core.package_discovery:discover_packages(recursive) check parameters
[1.054s] Level 1:colcon.colcon_core.package_discovery:discover_packages(ignore) check parameters
[1.054s] Level 1:colcon.colcon_core.package_discovery:discover_packages(path) check parameters
[1.054s] Level 1:colcon.colcon_core.package_discovery:discover_packages(colcon_meta) discover
[1.054s] Level 1:colcon.colcon_core.package_discovery:discover_packages(recursive) discover
[1.054s] INFO:colcon.colcon_core.package_discovery:Crawling recursively for packages in '/root/ROS/Group_3_2026/ros2_lab_ws/src/dual_arm_simulation'
[1.054s] Level 1:colcon.colcon_core.package_identification:_identify(.) by extensions ['ignore', 'ignore_ament_install']
[1.054s] Level 1:colcon.colcon_core.package_identification:_identify(.) by extension 'ignore'
[1.055s] Level 1:colcon.colcon_core.package_identification:_identify(.) by extension 'ignore_ament_install'
[1.055s] Level 1:colcon.colcon_core.package_identification:_identify(.) by extensions ['colcon_pkg']
[1.055s] Level 1:colcon.colcon_core.package_identification:_identify(.) by extension 'colcon_pkg'
[1.055s] Level 1:colcon.colcon_core.package_identification:_identify(.) by extensions ['colcon_meta']
[1.055s] Level 1:colcon.colcon_core.package_identification:_identify(.) by extension 'colcon_meta'
[1.055s] Level 1:colcon.colcon_core.package_identification:_identify(.) by extensions ['ros']
[1.055s] Level 1:colcon.colcon_core.package_identification:_identify(.) by extension 'ros'
[1.129s] DEBUG:colcon.colcon_core.package_identification:Package '.' with type 'ros.ament_python' and name 'dual_arm_simulation'
[1.130s] Level 1:colcon.colcon_core.package_discovery:discover_packages(recursive) using defaults
[1.130s] Level 1:colcon.colcon_core.package_discovery:discover_packages(ignore) discover
[1.130s] Level 1:colcon.colcon_core.package_discovery:discover_packages(ignore) using defaults
[1.130s] Level 1:colcon.colcon_core.package_discovery:discover_packages(path) discover
[1.130s] Level 1:colcon.colcon_core.package_discovery:discover_packages(path) using defaults
[1.130s] WARNING:colcon.colcon_core.package_selection:ignoring unknown package 'dual_arm_perception' in --packages-select
[1.130s] WARNING:colcon.colcon_core.package_selection:ignoring unknown package 'dual_arm_control' in --packages-select
[1.177s] Level 1:colcon.colcon_core.package_discovery:discover_packages(prefix_path) check parameters
[1.177s] Level 1:colcon.colcon_core.package_discovery:discover_packages(prefix_path) discover
[1.182s] DEBUG:colcon.colcon_installed_package_information.package_discovery:Found 3 installed packages in /root/ROS/Group_3_2026/ros2_lab_ws/install
[1.185s] DEBUG:colcon.colcon_installed_package_information.package_discovery:Found 274 installed packages in /opt/ros/humble
[1.190s] Level 1:colcon.colcon_core.package_discovery:discover_packages(prefix_path) using defaults
[1.283s] Level 5:colcon.colcon_core.verb:set package 'dual_arm_simulation' build argument 'cmake_args' from command line to 'None'
[1.283s] Level 5:colcon.colcon_core.verb:set package 'dual_arm_simulation' build argument 'cmake_target' from command line to 'None'
[1.283s] Level 5:colcon.colcon_core.verb:set package 'dual_arm_simulation' build argument 'cmake_target_skip_unavailable' from command line to 'False'
[1.283s] Level 5:colcon.colcon_core.verb:set package 'dual_arm_simulation' build argument 'cmake_clean_cache' from command line to 'False'
[1.283s] Level 5:colcon.colcon_core.verb:set package 'dual_arm_simulation' build argument 'cmake_clean_first' from command line to 'False'
[1.283s] Level 5:colcon.colcon_core.verb:set package 'dual_arm_simulation' build argument 'cmake_force_configure' from command line to 'False'
[1.283s] Level 5:colcon.colcon_core.verb:set package 'dual_arm_simulation' build argument 'ament_cmake_args' from command line to 'None'
[1.283s] Level 5:colcon.colcon_core.verb:set package 'dual_arm_simulation' build argument 'catkin_cmake_args' from command line to 'None'
[1.283s] Level 5:colcon.colcon_core.verb:set package 'dual_arm_simulation' build argument 'catkin_skip_building_tests' from command line to 'False'
[1.284s] DEBUG:colcon.colcon_core.verb:Building package 'dual_arm_simulation' with the following arguments: {'ament_cmake_args': None, 'build_base': '/root/ROS/Group_3_2026/ros2_lab_ws/src/dual_arm_simulation/build/dual_arm_simulation', 'catkin_cmake_args': None, 'catkin_skip_building_tests': False, 'cmake_args': None, 'cmake_clean_cache': False, 'cmake_clean_first': False, 'cmake_force_configure': False, 'cmake_target': None, 'cmake_target_skip_unavailable': False, 'install_base': '/root/ROS/Group_3_2026/ros2_lab_ws/src/dual_arm_simulation/install/dual_arm_simulation', 'merge_install': False, 'path': '/root/ROS/Group_3_2026/ros2_lab_ws/src/dual_arm_simulation', 'symlink_install': False, 'test_result_base': None}
[1.284s] INFO:colcon.colcon_core.executor:Executing jobs using 'parallel' executor
[1.289s] DEBUG:colcon.colcon_parallel_executor.executor.parallel:run_until_complete
[1.290s] INFO:colcon.colcon_ros.task.ament_python.build:Building ROS package in '/root/ROS/Group_3_2026/ros2_lab_ws/src/dual_arm_simulation' with build type 'ament_python'
[1.290s] Level 1:colcon.colcon_core.shell:create_environment_hook('dual_arm_simulation', 'ament_prefix_path')
[1.298s] INFO:colcon.colcon_core.plugin_system:Skipping extension 'colcon_core.shell.bat': Not used on non-Windows systems
[1.298s] INFO:colcon.colcon_core.shell:Creating environment hook '/root/ROS/Group_3_2026/ros2_lab_ws/src/dual_arm_simulation/install/dual_arm_simulation/share/dual_arm_simulation/hook/ament_prefix_path.ps1'
[1.305s] INFO:colcon.colcon_core.shell:Creating environment descriptor '/root/ROS/Group_3_2026/ros2_lab_ws/src/dual_arm_simulation/install/dual_arm_simulation/share/dual_arm_simulation/hook/ament_prefix_path.dsv'
[1.307s] INFO:colcon.colcon_core.shell:Creating environment hook '/root/ROS/Group_3_2026/ros2_lab_ws/src/dual_arm_simulation/install/dual_arm_simulation/share/dual_arm_simulation/hook/ament_prefix_path.sh'
[1.308s] INFO:colcon.colcon_core.shell:Skip shell extension 'powershell' for command environment: Not usable outside of PowerShell
[1.309s] DEBUG:colcon.colcon_core.shell:Skip shell extension 'dsv' for command environment
[2.042s] INFO:colcon.colcon_core.task.python.build:Building Python package in '/root/ROS/Group_3_2026/ros2_lab_ws/src/dual_arm_simulation'
[2.043s] INFO:colcon.colcon_core.shell:Skip shell extension 'powershell' for command environment: Not usable outside of PowerShell
[2.043s] DEBUG:colcon.colcon_core.shell:Skip shell extension 'dsv' for command environment
[2.911s] DEBUG:colcon.colcon_core.event_handler.log_command:Invoking command in '/root/ROS/Group_3_2026/ros2_lab_ws/src/dual_arm_simulation': PYTHONPATH=/root/ROS/Group_3_2026/ros2_lab_ws/src/dual_arm_simulation/build/dual_arm_simulation/prefix_override:/usr/lib/python3/dist-packages/colcon_core/task/python/colcon_distutils_commands:/root/ROS/Group_3_2026/ros2_lab_ws/src/dual_arm_simulation/install/dual_arm_simulation/lib/python3.10/site-packages:${PYTHONPATH} /usr/bin/python3 -W ignore:setup.py install is deprecated -W ignore:easy_install command is deprecated setup.py egg_info --egg-base build/dual_arm_simulation build --build-base /root/ROS/Group_3_2026/ros2_lab_ws/src/dual_arm_simulation/build/dual_arm_simulation/build install --record /root/ROS/Group_3_2026/ros2_lab_ws/src/dual_arm_simulation/build/dual_arm_simulation/install.log --single-version-externally-managed install_data
[6.413s] DEBUG:colcon.colcon_core.event_handler.log_command:Invoked command in '/root/ROS/Group_3_2026/ros2_lab_ws/src/dual_arm_simulation' returned '0': PYTHONPATH=/root/ROS/Group_3_2026/ros2_lab_ws/src/dual_arm_simulation/build/dual_arm_simulation/prefix_override:/usr/lib/python3/dist-packages/colcon_core/task/python/colcon_distutils_commands:/root/ROS/Group_3_2026/ros2_lab_ws/src/dual_arm_simulation/install/dual_arm_simulation/lib/python3.10/site-packages:${PYTHONPATH} /usr/bin/python3 -W ignore:setup.py install is deprecated -W ignore:easy_install command is deprecated setup.py egg_info --egg-base build/dual_arm_simulation build --build-base /root/ROS/Group_3_2026/ros2_lab_ws/src/dual_arm_simulation/build/dual_arm_simulation/build install --record /root/ROS/Group_3_2026/ros2_lab_ws/src/dual_arm_simulation/build/dual_arm_simulation/install.log --single-version-externally-managed install_data
[6.417s] Level 1:colcon.colcon_core.environment:checking '/root/ROS/Group_3_2026/ros2_lab_ws/src/dual_arm_simulation/install/dual_arm_simulation' for CMake module files
[6.418s] Level 1:colcon.colcon_core.environment:checking '/root/ROS/Group_3_2026/ros2_lab_ws/src/dual_arm_simulation/install/dual_arm_simulation' for CMake config files
[6.421s] Level 1:colcon.colcon_core.environment:checking '/root/ROS/Group_3_2026/ros2_lab_ws/src/dual_arm_simulation/install/dual_arm_simulation/lib'
[6.421s] Level 1:colcon.colcon_core.environment:checking '/root/ROS/Group_3_2026/ros2_lab_ws/src/dual_arm_simulation/install/dual_arm_simulation/bin'
[6.421s] Level 1:colcon.colcon_core.environment:checking '/root/ROS/Group_3_2026/ros2_lab_ws/src/dual_arm_simulation/install/dual_arm_simulation/lib/pkgconfig/dual_arm_simulation.pc'
[6.422s] Level 1:colcon.colcon_core.environment:checking '/root/ROS/Group_3_2026/ros2_lab_ws/src/dual_arm_simulation/install/dual_arm_simulation/lib/python3.10/site-packages'
[6.422s] Level 1:colcon.colcon_core.shell:create_environment_hook('dual_arm_simulation', 'pythonpath')
[6.422s] INFO:colcon.colcon_core.shell:Creating environment hook '/root/ROS/Group_3_2026/ros2_lab_ws/src/dual_arm_simulation/install/dual_arm_simulation/share/dual_arm_simulation/hook/pythonpath.ps1'
[6.423s] INFO:colcon.colcon_core.shell:Creating environment descriptor '/root/ROS/Group_3_2026/ros2_lab_ws/src/dual_arm_simulation/install/dual_arm_simulation/share/dual_arm_simulation/hook/pythonpath.dsv'
[6.424s] INFO:colcon.colcon_core.shell:Creating environment hook '/root/ROS/Group_3_2026/ros2_lab_ws/src/dual_arm_simulation/install/dual_arm_simulation/share/dual_arm_simulation/hook/pythonpath.sh'
[6.426s] Level 1:colcon.colcon_core.environment:checking '/root/ROS/Group_3_2026/ros2_lab_ws/src/dual_arm_simulation/install/dual_arm_simulation/bin'
[6.427s] Level 1:colcon.colcon_core.environment:create_environment_scripts_only(dual_arm_simulation)
[6.427s] INFO:colcon.colcon_core.shell:Creating package script '/root/ROS/Group_3_2026/ros2_lab_ws/src/dual_arm_simulation/install/dual_arm_simulation/share/dual_arm_simulation/package.ps1'
[6.430s] INFO:colcon.colcon_core.shell:Creating package descriptor '/root/ROS/Group_3_2026/ros2_lab_ws/src/dual_arm_simulation/install/dual_arm_simulation/share/dual_arm_simulation/package.dsv'
[6.431s] INFO:colcon.colcon_core.shell:Creating package script '/root/ROS/Group_3_2026/ros2_lab_ws/src/dual_arm_simulation/install/dual_arm_simulation/share/dual_arm_simulation/package.sh'
[6.433s] INFO:colcon.colcon_core.shell:Creating package script '/root/ROS/Group_3_2026/ros2_lab_ws/src/dual_arm_simulation/install/dual_arm_simulation/share/dual_arm_simulation/package.bash'
[6.434s] INFO:colcon.colcon_core.shell:Creating package script '/root/ROS/Group_3_2026/ros2_lab_ws/src/dual_arm_simulation/install/dual_arm_simulation/share/dual_arm_simulation/package.zsh'
[6.436s] Level 1:colcon.colcon_core.environment:create_file_with_runtime_dependencies(/root/ROS/Group_3_2026/ros2_lab_ws/src/dual_arm_simulation/install/dual_arm_simulation/share/colcon-core/packages/dual_arm_simulation)
[6.439s] DEBUG:colcon.colcon_parallel_executor.executor.parallel:closing loop
[6.440s] DEBUG:colcon.colcon_parallel_executor.executor.parallel:loop closed
[6.440s] DEBUG:colcon.colcon_parallel_executor.executor.parallel:run_until_complete finished with '0'
[6.441s] DEBUG:colcon.colcon_core.event_reactor:joining thread
[6.651s] INFO:colcon.colcon_core.plugin_system:Skipping extension 'colcon_notification.desktop_notification.notify_send': Could not find 'notify-send'
[6.651s] INFO:colcon.colcon_core.plugin_system:Skipping extension 'colcon_notification.desktop_notification.terminal_notifier': Not used on non-Darwin systems
[6.651s] INFO:colcon.colcon_core.plugin_system:Skipping extension 'colcon_notification.desktop_notification.win32': Not used on non-Windows systems
[6.652s] INFO:colcon.colcon_notification.desktop_notification:Sending desktop notification using 'notify2'
[6.652s] DEBUG:colcon.colcon_notification.desktop_notification.notify2:Failed to initialize notify2: org.freedesktop.DBus.Error.FileNotFound: Failed to connect to socket /run/user/0/bus: No such file or directory
[6.652s] DEBUG:colcon.colcon_core.event_reactor:joined thread
[6.653s] INFO:colcon.colcon_core.shell:Creating prefix script '/root/ROS/Group_3_2026/ros2_lab_ws/src/dual_arm_simulation/install/local_setup.ps1'
[6.655s] INFO:colcon.colcon_core.shell:Creating prefix util module '/root/ROS/Group_3_2026/ros2_lab_ws/src/dual_arm_simulation/install/_local_setup_util_ps1.py'
[6.657s] INFO:colcon.colcon_core.shell:Creating prefix chain script '/root/ROS/Group_3_2026/ros2_lab_ws/src/dual_arm_simulation/install/setup.ps1'
[6.659s] INFO:colcon.colcon_core.shell:Creating prefix script '/root/ROS/Group_3_2026/ros2_lab_ws/src/dual_arm_simulation/install/local_setup.sh'
[6.660s] INFO:colcon.colcon_core.shell:Creating prefix util module '/root/ROS/Group_3_2026/ros2_lab_ws/src/dual_arm_simulation/install/_local_setup_util_sh.py'
[6.661s] INFO:colcon.colcon_core.shell:Creating prefix chain script '/root/ROS/Group_3_2026/ros2_lab_ws/src/dual_arm_simulation/install/setup.sh'
[6.663s] INFO:colcon.colcon_core.shell:Creating prefix script '/root/ROS/Group_3_2026/ros2_lab_ws/src/dual_arm_simulation/install/local_setup.bash'
[6.664s] INFO:colcon.colcon_core.shell:Creating prefix chain script '/root/ROS/Group_3_2026/ros2_lab_ws/src/dual_arm_simulation/install/setup.bash'
[6.666s] INFO:colcon.colcon_core.shell:Creating prefix script '/root/ROS/Group_3_2026/ros2_lab_ws/src/dual_arm_simulation/install/local_setup.zsh'
[6.667s] INFO:colcon.colcon_core.shell:Creating prefix chain script '/root/ROS/Group_3_2026/ros2_lab_ws/src/dual_arm_simulation/install/setup.zsh'
